{"total": {"lines":{"total":2182,"covered":119,"skipped":0,"pct":5.45},"statements":{"total":2418,"covered":133,"skipped":0,"pct":5.5},"functions":{"total":794,"covered":60,"skipped":0,"pct":7.55},"branches":{"total":2052,"covered":94,"skipped":0,"pct":4.58},"branchesTrue":{"total":0,"covered":0,"skipped":0,"pct":100}}
,"D:\\AllProjects\\Photographt_Folder\\photo-app-camera-rental-tracking-updated (2)\\client\\src\\App.jsx": {"lines":{"total":1,"covered":0,"skipped":0,"pct":0},"functions":{"total":1,"covered":0,"skipped":0,"pct":0},"statements":{"total":1,"covered":0,"skipped":0,"pct":0},"branches":{"total":0,"covered":0,"skipped":0,"pct":100}}
,"D:\\AllProjects\\Photographt_Folder\\photo-app-camera-rental-tracking-updated (2)\\client\\src\\components\\ErrorBoundary.jsx": {"lines":{"total":9,"covered":0,"skipped":0,"pct":0},"functions":{"total":5,"covered":0,"skipped":0,"pct":0},"statements":{"total":10,"covered":0,"skipped":0,"pct":0},"branches":{"total":4,"covered":0,"skipped":0,"pct":0}}
,"D:\\AllProjects\\Photographt_Folder\\photo-app-camera-rental-tracking-updated (2)\\client\\src\\components\\ScrollToTop.jsx": {"lines":{"total":6,"covered":0,"skipped":0,"pct":0},"functions":{"total":2,"covered":0,"skipped":0,"pct":0},"statements":{"total":6,"covered":0,"skipped":0,"pct":0},"branches":{"total":0,"covered":0,"skipped":0,"pct":100}}
,"D:\\AllProjects\\Photographt_Folder\\photo-app-camera-rental-tracking-updated (2)\\client\\src\\components\\booking\\AvailabilityCalendar.jsx": {"lines":{"total":83,"covered":0,"skipped":0,"pct":0},"functions":{"total":15,"covered":0,"skipped":0,"pct":0},"statements":{"total":90,"covered":0,"skipped":0,"pct":0},"branches":{"total":126,"covered":0,"skipped":0,"pct":0}}
,"D:\\AllProjects\\Photographt_Folder\\photo-app-camera-rental-tracking-updated (2)\\client\\src\\components\\booking\\BookingPaymentPanel.jsx": {"lines":{"total":37,"covered":0,"skipped":0,"pct":0},"functions":{"total":9,"covered":0,"skipped":0,"pct":0},"statements":{"total":39,"covered":0,"skipped":0,"pct":0},"branches":{"total":47,"covered":0,"skipped":0,"pct":0}}
,"D:\\AllProjects\\Photographt_Folder\\photo-app-camera-rental-tracking-updated (2)\\client\\src\\components\\booking\\BookingTimeline.jsx": {"lines":{"total":7,"covered":0,"skipped":0,"pct":0},"functions":{"total":3,"covered":0,"skipped":0,"pct":0},"statements":{"total":8,"covered":0,"skipped":0,"pct":0},"branches":{"total":13,"covered":0,"skipped":0,"pct":0}}
,"D:\\AllProjects\\Photographt_Folder\\photo-app-camera-rental-tracking-updated (2)\\client\\src\\components\\booking\\CalendarParts.jsx": {"lines":{"total":4,"covered":0,"skipped":0,"pct":0},"functions":{"total":4,"covered":0,"skipped":0,"pct":0},"statements":{"total":4,"covered":0,"skipped":0,"pct":0},"branches":{"total":2,"covered":0,"skipped":0,"pct":0}}
,"D:\\AllProjects\\Photographt_Folder\\photo-app-camera-rental-tracking-updated (2)\\client\\src\\components\\booking\\ReviewForm.jsx": {"lines":{"total":22,"covered":0,"skipped":0,"pct":0},"functions":{"total":3,"covered":0,"skipped":0,"pct":0},"statements":{"total":22,"covered":0,"skipped":0,"pct":0},"branches":{"total":12,"covered":0,"skipped":0,"pct":0}}
,"D:\\AllProjects\\Photographt_Folder\\photo-app-camera-rental-tracking-updated (2)\\client\\src\\components\\chat\\ChatWidget.jsx": {"lines":{"total":62,"covered":0,"skipped":0,"pct":0},"functions":{"total":22,"covered":0,"skipped":0,"pct":0},"statements":{"total":76,"covered":0,"skipped":0,"pct":0},"branches":{"total":48,"covered":0,"skipped":0,"pct":0}}
,"D:\\AllProjects\\Photographt_Folder\\photo-app-camera-rental-tracking-updated (2)\\client\\src\\components\\home\\HeroSlideshow.jsx": {"lines":{"total":49,"covered":0,"skipped":0,"pct":0},"functions":{"total":20,"covered":0,"skipped":0,"pct":0},"statements":{"total":57,"covered":0,"skipped":0,"pct":0},"branches":{"total":25,"covered":0,"skipped":0,"pct":0}}
,"D:\\AllProjects\\Photographt_Folder\\photo-app-camera-rental-tracking-updated (2)\\client\\src\\components\\layout\\Footer.jsx": {"lines":{"total":2,"covered":0,"skipped":0,"pct":0},"functions":{"total":1,"covered":0,"skipped":0,"pct":0},"statements":{"total":2,"covered":0,"skipped":0,"pct":0},"branches":{"total":0,"covered":0,"skipped":0,"pct":100}}
,"D:\\AllProjects\\Photographt_Folder\\photo-app-camera-rental-tracking-updated (2)\\client\\src\\components\\layout\\Header.jsx": {"lines":{"total":51,"covered":0,"skipped":0,"pct":0},"functions":{"total":26,"covered":0,"skipped":0,"pct":0},"statements":{"total":57,"covered":0,"skipped":0,"pct":0},"branches":{"total":44,"covered":0,"skipped":0,"pct":0}}
,"D:\\AllProjects\\Photographt_Folder\\photo-app-camera-rental-tracking-updated (2)\\client\\src\\components\\notifications\\NotificationBell.jsx": {"lines":{"total":33,"covered":0,"skipped":0,"pct":0},"functions":{"total":12,"covered":0,"skipped":0,"pct":0},"statements":{"total":39,"covered":0,"skipped":0,"pct":0},"branches":{"total":34,"covered":0,"skipped":0,"pct":0}}
,"D:\\AllProjects\\Photographt_Folder\\photo-app-camera-rental-tracking-updated (2)\\client\\src\\components\\notifications\\NotificationToasts.jsx": {"lines":{"total":13,"covered":0,"skipped":0,"pct":0},"functions":{"total":5,"covered":0,"skipped":0,"pct":0},"statements":{"total":14,"covered":0,"skipped":0,"pct":0},"branches":{"total":6,"covered":0,"skipped":0,"pct":0}}
,"D:\\AllProjects\\Photographt_Folder\\photo-app-camera-rental-tracking-updated (2)\\client\\src\\components\\reviews\\ReviewsModal.jsx": {"lines":{"total":14,"covered":0,"skipped":0,"pct":0},"functions":{"total":7,"covered":0,"skipped":0,"pct":0},"statements":{"total":18,"covered":0,"skipped":0,"pct":0},"branches":{"total":36,"covered":0,"skipped":0,"pct":0}}
,"D:\\AllProjects\\Photographt_Folder\\photo-app-camera-rental-tracking-updated (2)\\client\\src\\components\\routing\\AdminRoute.jsx": {"lines":{"total":7,"covered":0,"skipped":0,"pct":0},"functions":{"total":1,"covered":0,"skipped":0,"pct":0},"statements":{"total":7,"covered":0,"skipped":0,"pct":0},"branches":{"total":4,"covered":0,"skipped":0,"pct":0}}
,"D:\\AllProjects\\Photographt_Folder\\photo-app-camera-rental-tracking-updated (2)\\client\\src\\components\\routing\\ProtectedRoute.jsx": {"lines":{"total":5,"covered":0,"skipped":0,"pct":0},"functions":{"total":1,"covered":0,"skipped":0,"pct":0},"statements":{"total":5,"covered":0,"skipped":0,"pct":0},"branches":{"total":2,"covered":0,"skipped":0,"pct":0}}
,"D:\\AllProjects\\Photographt_Folder\\photo-app-camera-rental-tracking-updated (2)\\client\\src\\components\\ui\\button.jsx": {"lines":{"total":7,"covered":7,"skipped":0,"pct":100},"functions":{"total":1,"covered":1,"skipped":0,"pct":100},"statements":{"total":7,"covered":7,"skipped":0,"pct":100},"branches":{"total":5,"covered":5,"skipped":0,"pct":100}}
,"D:\\AllProjects\\Photographt_Folder\\photo-app-camera-rental-tracking-updated (2)\\client\\src\\components\\ui\\empty-state.jsx": {"lines":{"total":2,"covered":2,"skipped":0,"pct":100},"functions":{"total":1,"covered":1,"skipped":0,"pct":100},"statements":{"total":2,"covered":2,"skipped":0,"pct":100},"branches":{"total":14,"covered":14,"skipped":0,"pct":100}}
,"D:\\AllProjects\\Photographt_Folder\\photo-app-camera-rental-tracking-updated (2)\\client\\src\\components\\ui\\form-field.jsx": {"lines":{"total":2,"covered":2,"skipped":0,"pct":100},"functions":{"total":1,"covered":1,"skipped":0,"pct":100},"statements":{"total":2,"covered":2,"skipped":0,"pct":100},"branches":{"total":5,"covered":5,"skipped":0,"pct":100}}
,"D:\\AllProjects\\Photographt_Folder\\photo-app-camera-rental-tracking-updated (2)\\client\\src\\components\\ui\\input.jsx": {"lines":{"total":3,"covered":3,"skipped":0,"pct":100},"functions":{"total":1,"covered":1,"skipped":0,"pct":100},"statements":{"total":3,"covered":3,"skipped":0,"pct":100},"branches":{"total":3,"covered":3,"skipped":0,"pct":100}}
,"D:\\AllProjects\\Photographt_Folder\\photo-app-camera-rental-tracking-updated (2)\\client\\src\\components\\ui\\modal.jsx": {"lines":{"total":12,"covered":12,"skipped":0,"pct":100},"functions":{"total":5,"covered":5,"skipped":0,"pct":100},"statements":{"total":15,"covered":15,"skipped":0,"pct":100},"branches":{"total":13,"covered":13,"skipped":0,"pct":100}}
,"D:\\AllProjects\\Photographt_Folder\\photo-app-camera-rental-tracking-updated (2)\\client\\src\\components\\ui\\search-bar.jsx": {"lines":{"total":3,"covered":0,"skipped":0,"pct":0},"functions":{"total":3,"covered":0,"skipped":0,"pct":0},"statements":{"total":3,"covered":0,"skipped":0,"pct":0},"branches":{"total":3,"covered":0,"skipped":0,"pct":0}}
,"D:\\AllProjects\\Photographt_Folder\\photo-app-camera-rental-tracking-updated (2)\\client\\src\\components\\ui\\select.jsx": {"lines":{"total":3,"covered":3,"skipped":0,"pct":100},"functions":{"total":1,"covered":1,"skipped":0,"pct":100},"statements":{"total":3,"covered":3,"skipped":0,"pct":100},"branches":{"total":2,"covered":1,"skipped":0,"pct":50}}
,"D:\\AllProjects\\Photographt_Folder\\photo-app-camera-rental-tracking-updated (2)\\client\\src\\components\\ui\\skeleton.jsx": {"lines":{"total":13,"covered":13,"skipped":0,"pct":100},"functions":{"total":13,"covered":13,"skipped":0,"pct":100},"statements":{"total":13,"covered":13,"skipped":0,"pct":100},"branches":{"total":16,"covered":16,"skipped":0,"pct":100}}
,"D:\\AllProjects\\Photographt_Folder\\photo-app-camera-rental-tracking-updated (2)\\client\\src\\components\\ui\\star-rating.jsx": {"lines":{"total":11,"covered":0,"skipped":0,"pct":0},"functions":{"total":5,"covered":0,"skipped":0,"pct":0},"statements":{"total":11,"covered":0,"skipped":0,"pct":0},"branches":{"total":27,"covered":0,"skipped":0,"pct":0}}
,"D:\\AllProjects\\Photographt_Folder\\photo-app-camera-rental-tracking-updated (2)\\client\\src\\components\\ui\\status-badge.jsx": {"lines":{"total":2,"covered":2,"skipped":0,"pct":100},"functions":{"total":1,"covered":1,"skipped":0,"pct":100},"statements":{"total":2,"covered":2,"skipped":0,"pct":100},"branches":{"total":2,"covered":2,"skipped":0,"pct":100}}
,"D:\\AllProjects\\Photographt_Folder\\photo-app-camera-rental-tracking-updated (2)\\client\\src\\components\\ui\\status-banner.jsx": {"lines":{"total":4,"covered":0,"skipped":0,"pct":0},"functions":{"total":1,"covered":0,"skipped":0,"pct":0},"statements":{"total":5,"covered":0,"skipped":0,"pct":0},"branches":{"total":6,"covered":0,"skipped":0,"pct":0}}
,"D:\\AllProjects\\Photographt_Folder\\photo-app-camera-rental-tracking-updated (2)\\client\\src\\components\\ui\\textarea.jsx": {"lines":{"total":3,"covered":3,"skipped":0,"pct":100},"functions":{"total":1,"covered":1,"skipped":0,"pct":100},"statements":{"total":3,"covered":3,"skipped":0,"pct":100},"branches":{"total":3,"covered":2,"skipped":0,"pct":66.66}}
,"D:\\AllProjects\\Photographt_Folder\\photo-app-camera-rental-tracking-updated (2)\\client\\src\\components\\ui\\theme-toggle.jsx": {"lines":{"total":2,"covered":0,"skipped":0,"pct":0},"functions":{"total":1,"covered":0,"skipped":0,"pct":0},"statements":{"total":2,"covered":0,"skipped":0,"pct":0},"branches":{"total":6,"covered":0,"skipped":0,"pct":0}}
,"D:\\AllProjects\\Photographt_Folder\\photo-app-camera-rental-tracking-updated (2)\\client\\src\\context\\AuthContext.jsx": {"lines":{"total":98,"covered":0,"skipped":0,"pct":0},"functions":{"total":16,"covered":0,"skipped":0,"pct":0},"statements":{"total":102,"covered":0,"skipped":0,"pct":0},"branches":{"total":26,"covered":0,"skipped":0,"pct":0}}
,"D:\\AllProjects\\Photographt_Folder\\photo-app-camera-rental-tracking-updated (2)\\client\\src\\context\\NotificationContext.jsx": {"lines":{"total":57,"covered":0,"skipped":0,"pct":0},"functions":{"total":25,"covered":0,"skipped":0,"pct":0},"statements":{"total":75,"covered":0,"skipped":0,"pct":0},"branches":{"total":18,"covered":0,"skipped":0,"pct":0}}
,"D:\\AllProjects\\Photographt_Folder\\photo-app-camera-rental-tracking-updated (2)\\client\\src\\context\\ThemeContext.jsx": {"lines":{"total":37,"covered":30,"skipped":0,"pct":81.08},"functions":{"total":13,"covered":10,"skipped":0,"pct":76.92},"statements":{"total":44,"covered":35,"skipped":0,"pct":79.54},"branches":{"total":23,"covered":13,"skipped":0,"pct":56.52}}
,"D:\\AllProjects\\Photographt_Folder\\photo-app-camera-rental-tracking-updated (2)\\client\\src\\hooks\\useBookingSocket.js": {"lines":{"total":9,"covered":0,"skipped":0,"pct":0},"functions":{"total":3,"covered":0,"skipped":0,"pct":0},"statements":{"total":9,"covered":0,"skipped":0,"pct":0},"branches":{"total":5,"covered":0,"skipped":0,"pct":0}}
,"D:\\AllProjects\\Photographt_Folder\\photo-app-camera-rental-tracking-updated (2)\\client\\src\\lib\\api.js": {"lines":{"total":15,"covered":0,"skipped":0,"pct":0},"functions":{"total":4,"covered":0,"skipped":0,"pct":0},"statements":{"total":15,"covered":0,"skipped":0,"pct":0},"branches":{"total":11,"covered":0,"skipped":0,"pct":0}}
,"D:\\AllProjects\\Photographt_Folder\\photo-app-camera-rental-tracking-updated (2)\\client\\src\\lib\\calendarUtils.js": {"lines":{"total":13,"covered":13,"skipped":0,"pct":100},"functions":{"total":6,"covered":6,"skipped":0,"pct":100},"statements":{"total":17,"covered":17,"skipped":0,"pct":100},"branches":{"total":9,"covered":9,"skipped":0,"pct":100}}
,"D:\\AllProjects\\Photographt_Folder\\photo-app-camera-rental-tracking-updated (2)\\client\\src\\lib\\notificationMeta.js": {"lines":{"total":12,"covered":0,"skipped":0,"pct":0},"functions":{"total":2,"covered":0,"skipped":0,"pct":0},"statements":{"total":16,"covered":0,"skipped":0,"pct":0},"branches":{"total":10,"covered":0,"skipped":0,"pct":0}}
,"D:\\AllProjects\\Photographt_Folder\\photo-app-camera-rental-tracking-updated (2)\\client\\src\\lib\\utils.js": {"lines":{"total":1,"covered":1,"skipped":0,"pct":100},"functions":{"total":1,"covered":1,"skipped":0,"pct":100},"statements":{"total":1,"covered":1,"skipped":0,"pct":100},"branches":{"total":0,"covered":0,"skipped":0,"pct":100}}
,"D:\\AllProjects\\Photographt_Folder\\photo-app-camera-rental-tracking-updated (2)\\client\\src\\pages\\About.jsx": {"lines":{"total":1,"covered":0,"skipped":0,"pct":0},"functions":{"total":1,"covered":0,"skipped":0,"pct":0},"statements":{"total":1,"covered":0,"skipped":0,"pct":0},"branches":{"total":0,"covered":0,"skipped":0,"pct":100}}
,"D:\\AllProjects\\Photographt_Folder\\photo-app-camera-rental-tracking-updated (2)\\client\\src\\pages\\Account.jsx": {"lines":{"total":36,"covered":0,"skipped":0,"pct":0},"functions":{"total":8,"covered":0,"skipped":0,"pct":0},"statements":{"total":38,"covered":0,"skipped":0,"pct":0},"branches":{"total":29,"covered":0,"skipped":0,"pct":0}}
,"D:\\AllProjects\\Photographt_Folder\\photo-app-camera-rental-tracking-updated (2)\\client\\src\\pages\\Availability.jsx": {"lines":{"total":5,"covered":0,"skipped":0,"pct":0},"functions":{"total":2,"covered":0,"skipped":0,"pct":0},"statements":{"total":5,"covered":0,"skipped":0,"pct":0},"branches":{"total":6,"covered":0,"skipped":0,"pct":0}}
,"D:\\AllProjects\\Photographt_Folder\\photo-app-camera-rental-tracking-updated (2)\\client\\src\\pages\\Booking.jsx": {"lines":{"total":98,"covered":0,"skipped":0,"pct":0},"functions":{"total":34,"covered":0,"skipped":0,"pct":0},"statements":{"total":111,"covered":0,"skipped":0,"pct":0},"branches":{"total":145,"covered":0,"skipped":0,"pct":0}}
,"D:\\AllProjects\\Photographt_Folder\\photo-app-camera-rental-tracking-updated (2)\\client\\src\\pages\\BookingDetail.jsx": {"lines":{"total":43,"covered":0,"skipped":0,"pct":0},"functions":{"total":16,"covered":0,"skipped":0,"pct":0},"statements":{"total":50,"covered":0,"skipped":0,"pct":0},"branches":{"total":104,"covered":0,"skipped":0,"pct":0}}
,"D:\\AllProjects\\Photographt_Folder\\photo-app-camera-rental-tracking-updated (2)\\client\\src\\pages\\Cameras.jsx": {"lines":{"total":27,"covered":0,"skipped":0,"pct":0},"functions":{"total":15,"covered":0,"skipped":0,"pct":0},"statements":{"total":30,"covered":0,"skipped":0,"pct":0},"branches":{"total":47,"covered":0,"skipped":0,"pct":0}}
,"D:\\AllProjects\\Photographt_Folder\\photo-app-camera-rental-tracking-updated (2)\\client\\src\\pages\\HelpCenter.jsx": {"lines":{"total":56,"covered":0,"skipped":0,"pct":0},"functions":{"total":23,"covered":0,"skipped":0,"pct":0},"statements":{"total":64,"covered":0,"skipped":0,"pct":0},"branches":{"total":42,"covered":0,"skipped":0,"pct":0}}
,"D:\\AllProjects\\Photographt_Folder\\photo-app-camera-rental-tracking-updated (2)\\client\\src\\pages\\Home.jsx": {"lines":{"total":28,"covered":0,"skipped":0,"pct":0},"functions":{"total":12,"covered":0,"skipped":0,"pct":0},"statements":{"total":32,"covered":0,"skipped":0,"pct":0},"branches":{"total":47,"covered":0,"skipped":0,"pct":0}}
,"D:\\AllProjects\\Photographt_Folder\\photo-app-camera-rental-tracking-updated (2)\\client\\src\\pages\\MyBookings.jsx": {"lines":{"total":106,"covered":0,"skipped":0,"pct":0},"functions":{"total":39,"covered":0,"skipped":0,"pct":0},"statements":{"total":120,"covered":0,"skipped":0,"pct":0},"branches":{"total":131,"covered":0,"skipped":0,"pct":0}}
,"D:\\AllProjects\\Photographt_Folder\\photo-app-camera-rental-tracking-updated (2)\\client\\src\\pages\\NotFound.jsx": {"lines":{"total":1,"covered":0,"skipped":0,"pct":0},"functions":{"total":1,"covered":0,"skipped":0,"pct":0},"statements":{"total":1,"covered":0,"skipped":0,"pct":0},"branches":{"total":0,"covered":0,"skipped":0,"pct":100}}
,"D:\\AllProjects\\Photographt_Folder\\photo-app-camera-rental-tracking-updated (2)\\client\\src\\pages\\Packages.jsx": {"lines":{"total":34,"covered":0,"skipped":0,"pct":0},"functions":{"total":14,"covered":0,"skipped":0,"pct":0},"statements":{"total":34,"covered":0,"skipped":0,"pct":0},"branches":{"total":49,"covered":0,"skipped":0,"pct":0}}
,"D:\\AllProjects\\Photographt_Folder\\photo-app-camera-rental-tracking-updated (2)\\client\\src\\pages\\Pay.jsx": {"lines":{"total":24,"covered":0,"skipped":0,"pct":0},"functions":{"total":7,"covered":0,"skipped":0,"pct":0},"statements":{"total":28,"covered":0,"skipped":0,"pct":0},"branches":{"total":30,"covered":0,"skipped":0,"pct":0}}
,"D:\\AllProjects\\Photographt_Folder\\photo-app-camera-rental-tracking-updated (2)\\client\\src\\pages\\Portfolio.jsx": {"lines":{"total":56,"covered":0,"skipped":0,"pct":0},"functions":{"total":27,"covered":0,"skipped":0,"pct":0},"statements":{"total":65,"covered":0,"skipped":0,"pct":0},"branches":{"total":78,"covered":0,"skipped":0,"pct":0}}
,"D:\\AllProjects\\Photographt_Folder\\photo-app-camera-rental-tracking-updated (2)\\client\\src\\pages\\QueryDetail.jsx": {"lines":{"total":47,"covered":0,"skipped":0,"pct":0},"functions":{"total":14,"covered":0,"skipped":0,"pct":0},"statements":{"total":54,"covered":0,"skipped":0,"pct":0},"branches":{"total":48,"covered":0,"skipped":0,"pct":0}}
,"D:\\AllProjects\\Photographt_Folder\\photo-app-camera-rental-tracking-updated (2)\\client\\src\\pages\\admin\\AdminAvailability.jsx": {"lines":{"total":91,"covered":0,"skipped":0,"pct":0},"functions":{"total":31,"covered":0,"skipped":0,"pct":0},"statements":{"total":96,"covered":0,"skipped":0,"pct":0},"branches":{"total":82,"covered":0,"skipped":0,"pct":0}}
,"D:\\AllProjects\\Photographt_Folder\\photo-app-camera-rental-tracking-updated (2)\\client\\src\\pages\\admin\\AdminBookings.jsx": {"lines":{"total":102,"covered":0,"skipped":0,"pct":0},"functions":{"total":41,"covered":0,"skipped":0,"pct":0},"statements":{"total":117,"covered":0,"skipped":0,"pct":0},"branches":{"total":76,"covered":0,"skipped":0,"pct":0}}
,"D:\\AllProjects\\Photographt_Folder\\photo-app-camera-rental-tracking-updated (2)\\client\\src\\pages\\admin\\AdminCameras.jsx": {"lines":{"total":104,"covered":0,"skipped":0,"pct":0},"functions":{"total":40,"covered":0,"skipped":0,"pct":0},"statements":{"total":113,"covered":0,"skipped":0,"pct":0},"branches":{"total":120,"covered":0,"skipped":0,"pct":0}}
,"D:\\AllProjects\\Photographt_Folder\\photo-app-camera-rental-tracking-updated (2)\\client\\src\\pages\\admin\\AdminDashboard.jsx": {"lines":{"total":95,"covered":0,"skipped":0,"pct":0},"functions":{"total":36,"covered":0,"skipped":0,"pct":0},"statements":{"total":103,"covered":0,"skipped":0,"pct":0},"branches":{"total":76,"covered":0,"skipped":0,"pct":0}}
,"D:\\AllProjects\\Photographt_Folder\\photo-app-camera-rental-tracking-updated (2)\\client\\src\\pages\\admin\\AdminLayout.jsx": {"lines":{"total":4,"covered":0,"skipped":0,"pct":0},"functions":{"total":3,"covered":0,"skipped":0,"pct":0},"statements":{"total":4,"covered":0,"skipped":0,"pct":0},"branches":{"total":2,"covered":0,"skipped":0,"pct":0}}
,"D:\\AllProjects\\Photographt_Folder\\photo-app-camera-rental-tracking-updated (2)\\client\\src\\pages\\admin\\AdminPackages.jsx": {"lines":{"total":86,"covered":0,"skipped":0,"pct":0},"functions":{"total":29,"covered":0,"skipped":0,"pct":0},"statements":{"total":91,"covered":0,"skipped":0,"pct":0},"branches":{"total":88,"covered":0,"skipped":0,"pct":0}}
,"D:\\AllProjects\\Photographt_Folder\\photo-app-camera-rental-tracking-updated (2)\\client\\src\\pages\\admin\\AdminPhotos.jsx": {"lines":{"total":135,"covered":0,"skipped":0,"pct":0},"functions":{"total":43,"covered":0,"skipped":0,"pct":0},"statements":{"total":138,"covered":0,"skipped":0,"pct":0},"branches":{"total":84,"covered":0,"skipped":0,"pct":0}}
,"D:\\AllProjects\\Photographt_Folder\\photo-app-camera-rental-tracking-updated (2)\\client\\src\\pages\\auth\\ForgotPassword.jsx": {"lines":{"total":20,"covered":0,"skipped":0,"pct":0},"functions":{"total":5,"covered":0,"skipped":0,"pct":0},"statements":{"total":21,"covered":0,"skipped":0,"pct":0},"branches":{"total":12,"covered":0,"skipped":0,"pct":0}}
,"D:\\AllProjects\\Photographt_Folder\\photo-app-camera-rental-tracking-updated (2)\\client\\src\\pages\\auth\\Login.jsx": {"lines":{"total":24,"covered":0,"skipped":0,"pct":0},"functions":{"total":5,"covered":0,"skipped":0,"pct":0},"statements":{"total":27,"covered":0,"skipped":0,"pct":0},"branches":{"total":14,"covered":0,"skipped":0,"pct":0}}
,"D:\\AllProjects\\Photographt_Folder\\photo-app-camera-rental-tracking-updated (2)\\client\\src\\pages\\auth\\Register.jsx": {"lines":{"total":26,"covered":0,"skipped":0,"pct":0},"functions":{"total":7,"covered":0,"skipped":0,"pct":0},"statements":{"total":31,"covered":0,"skipped":0,"pct":0},"branches":{"total":16,"covered":0,"skipped":0,"pct":0}}
,"D:\\AllProjects\\Photographt_Folder\\photo-app-camera-rental-tracking-updated (2)\\client\\src\\pages\\auth\\ResetPassword.jsx": {"lines":{"total":26,"covered":0,"skipped":0,"pct":0},"functions":{"total":5,"covered":0,"skipped":0,"pct":0},"statements":{"total":27,"covered":0,"skipped":0,"pct":0},"branches":{"total":14,"covered":0,"skipped":0,"pct":0}}
,"D:\\AllProjects\\Photographt_Folder\\photo-app-camera-rental-tracking-updated (2)\\client\\src\\pages\\auth\\VerifyEmail.jsx": {"lines":{"total":13,"covered":0,"skipped":0,"pct":0},"functions":{"total":4,"covered":0,"skipped":0,"pct":0},"statements":{"total":14,"covered":0,"skipped":0,"pct":0},"branches":{"total":10,"covered":0,"skipped":0,"pct":0}}
,"D:\\AllProjects\\Photographt_Folder\\photo-app-camera-rental-tracking-updated (2)\\client\\src\\services\\adminService.js": {"lines":{"total":10,"covered":0,"skipped":0,"pct":0},"functions":{"total":9,"covered":0,"skipped":0,"pct":0},"statements":{"total":10,"covered":0,"skipped":0,"pct":0},"branches":{"total":6,"covered":0,"skipped":0,"pct":0}}
,"D:\\AllProjects\\Photographt_Folder\\photo-app-camera-rental-tracking-updated (2)\\client\\src\\services\\authService.js": {"lines":{"total":29,"covered":0,"skipped":0,"pct":0},"functions":{"total":11,"covered":0,"skipped":0,"pct":0},"statements":{"total":31,"covered":0,"skipped":0,"pct":0},"branches":{"total":12,"covered":0,"skipped":0,"pct":0}}
,"D:\\AllProjects\\Photographt_Folder\\photo-app-camera-rental-tracking-updated (2)\\client\\src\\services\\availabilityService.js": {"lines":{"total":7,"covered":0,"skipped":0,"pct":0},"functions":{"total":6,"covered":0,"skipped":0,"pct":0},"statements":{"total":7,"covered":0,"skipped":0,"pct":0},"branches":{"total":2,"covered":0,"skipped":0,"pct":0}}
,"D:\\AllProjects\\Photographt_Folder\\photo-app-camera-rental-tracking-updated (2)\\client\\src\\services\\bookingService.js": {"lines":{"total":7,"covered":7,"skipped":0,"pct":100},"functions":{"total":6,"covered":6,"skipped":0,"pct":100},"statements":{"total":7,"covered":7,"skipped":0,"pct":100},"branches":{"total":2,"covered":2,"skipped":0,"pct":100}}
,"D:\\AllProjects\\Photographt_Folder\\photo-app-camera-rental-tracking-updated (2)\\client\\src\\services\\cameraService.js": {"lines":{"total":18,"covered":15,"skipped":0,"pct":83.33},"functions":{"total":11,"covered":7,"skipped":0,"pct":63.63},"statements":{"total":21,"covered":17,"skipped":0,"pct":80.95},"branches":{"total":15,"covered":8,"skipped":0,"pct":53.33}}
,"D:\\AllProjects\\Photographt_Folder\\photo-app-camera-rental-tracking-updated (2)\\client\\src\\services\\chatService.js": {"lines":{"total":34,"covered":0,"skipped":0,"pct":0},"functions":{"total":3,"covered":0,"skipped":0,"pct":0},"statements":{"total":37,"covered":0,"skipped":0,"pct":0},"branches":{"total":25,"covered":0,"skipped":0,"pct":0}}
,"D:\\AllProjects\\Photographt_Folder\\photo-app-camera-rental-tracking-updated (2)\\client\\src\\services\\notificationService.js": {"lines":{"total":5,"covered":0,"skipped":0,"pct":0},"functions":{"total":4,"covered":0,"skipped":0,"pct":0},"statements":{"total":5,"covered":0,"skipped":0,"pct":0},"branches":{"total":1,"covered":0,"skipped":0,"pct":0}}
,"D:\\AllProjects\\Photographt_Folder\\photo-app-camera-rental-tracking-updated (2)\\client\\src\\services\\packageService.js": {"lines":{"total":9,"covered":6,"skipped":0,"pct":66.66},"functions":{"total":8,"covered":5,"skipped":0,"pct":62.5},"statements":{"total":9,"covered":6,"skipped":0,"pct":66.66},"branches":{"total":1,"covered":1,"skipped":0,"pct":100}}
,"D:\\AllProjects\\Photographt_Folder\\photo-app-camera-rental-tracking-updated (2)\\client\\src\\services\\paymentService.js": {"lines":{"total":17,"covered":0,"skipped":0,"pct":0},"functions":{"total":7,"covered":0,"skipped":0,"pct":0},"statements":{"total":20,"covered":0,"skipped":0,"pct":0},"branches":{"total":4,"covered":0,"skipped":0,"pct":0}}
,"D:\\AllProjects\\Photographt_Folder\\photo-app-camera-rental-tracking-updated (2)\\client\\src\\services\\photoService.js": {"lines":{"total":23,"covered":0,"skipped":0,"pct":0},"functions":{"total":11,"covered":0,"skipped":0,"pct":0},"statements":{"total":30,"covered":0,"skipped":0,"pct":0},"branches":{"total":15,"covered":0,"skipped":0,"pct":0}}
,"D:\\AllProjects\\Photographt_Folder\\photo-app-camera-rental-tracking-updated (2)\\client\\src\\services\\queryService.js": {"lines":{"total":6,"covered":0,"skipped":0,"pct":0},"functions":{"total":5,"covered":0,"skipped":0,"pct":0},"statements":{"total":6,"covered":0,"skipped":0,"pct":0},"branches":{"total":1,"covered":0,"skipped":0,"pct":0}}
,"D:\\AllProjects\\Photographt_Folder\\photo-app-camera-rental-tracking-updated (2)\\client\\src\\services\\reviewService.js": {"lines":{"total":6,"covered":0,"skipped":0,"pct":0},"functions":{"total":5,"covered":0,"skipped":0,"pct":0},"statements":{"total":6,"covered":0,"skipped":0,"pct":0},"branches":{"total":2,"covered":0,"skipped":0,"pct":0}}
,"D:\\AllProjects\\Photographt_Folder\\photo-app-camera-rental-tracking-updated (2)\\client\\src\\services\\socketService.js": {"lines":{"total":9,"covered":0,"skipped":0,"pct":0},"functions":{"total":4,"covered":0,"skipped":0,"pct":0},"statements":{"total":9,"covered":0,"skipped":0,"pct":0},"branches":{"total":6,"covered":0,"skipped":0,"pct":0}}
}
