TN:
SF:src\App.jsx
FN:41,App
FNF:1
FNH:0
FNDA:0,App
DA:42,0
LF:1
LH:0
BRF:0
BRH:0
end_of_record
TN:
SF:src\components\ErrorBoundary.jsx
FN:14,constructor
FN:19,getDerivedStateFromError
FN:23,componentDidCatch
FN:28,(anonymous_3)
FN:33,render
FNF:5
FNH:0
FNDA:0,constructor
FNDA:0,getDerivedStateFromError
FNDA:0,componentDidCatch
FNDA:0,(anonymous_3)
FNDA:0,render
DA:15,0
DA:16,0
DA:20,0
DA:25,0
DA:28,0
DA:29,0
DA:30,0
DA:34,0
DA:36,0
LF:9
LH:0
BRDA:34,0,0,0
BRDA:34,0,1,0
BRDA:45,1,0,0
BRDA:45,1,1,0
BRF:4
BRH:0
end_of_record
TN:
SF:src\components\ScrollToTop.jsx
FN:12,ScrollToTop
FN:20,(anonymous_1)
FNF:2
FNH:0
FNDA:0,ScrollToTop
FNDA:0,(anonymous_1)
DA:13,0
DA:20,0
DA:26,0
DA:30,0
DA:31,0
DA:34,0
LF:6
LH:0
BRF:0
BRH:0
end_of_record
TN:
SF:src\components\booking\AvailabilityCalendar.jsx
FN:44,AvailabilityCalendar
FN:52,(anonymous_1)
FN:70,(anonymous_2)
FN:78,(anonymous_3)
FN:83,(anonymous_4)
FN:86,(anonymous_5)
FN:90,(anonymous_6)
FN:94,(anonymous_7)
FN:99,(anonymous_8)
FN:100,(anonymous_9)
FN:103,(anonymous_10)
FN:191,(anonymous_11)
FN:207,(anonymous_12)
FN:212,(anonymous_13)
FN:233,(anonymous_14)
FNF:15
FNH:0
FNDA:0,AvailabilityCalendar
FNDA:0,(anonymous_1)
FNDA:0,(anonymous_2)
FNDA:0,(anonymous_3)
FNDA:0,(anonymous_4)
FNDA:0,(anonymous_5)
FNDA:0,(anonymous_6)
FNDA:0,(anonymous_7)
FNDA:0,(anonymous_8)
FNDA:0,(anonymous_9)
FNDA:0,(anonymous_10)
FNDA:0,(anonymous_11)
FNDA:0,(anonymous_12)
FNDA:0,(anonymous_13)
FNDA:0,(anonymous_14)
DA:41,0
DA:42,0
DA:52,0
DA:53,0
DA:54,0
DA:56,0
DA:57,0
DA:58,0
DA:59,0
DA:60,0
DA:61,0
DA:64,0
DA:66,0
DA:67,0
DA:70,0
DA:71,0
DA:72,0
DA:73,0
DA:74,0
DA:76,0
DA:79,0
DA:80,0
DA:81,0
DA:84,0
DA:87,0
DA:90,0
DA:94,0
DA:95,0
DA:96,0
DA:99,0
DA:100,0
DA:103,0
DA:104,0
DA:107,0
DA:109,0
DA:110,0
DA:111,0
DA:112,0
DA:113,0
DA:117,0
DA:118,0
DA:119,0
DA:123,0
DA:124,0
DA:125,0
DA:126,0
DA:127,0
DA:128,0
DA:129,0
DA:130,0
DA:131,0
DA:133,0
DA:134,0
DA:137,0
DA:143,0
DA:145,0
DA:147,0
DA:151,0
DA:152,0
DA:154,0
DA:155,0
DA:156,0
DA:157,0
DA:158,0
DA:160,0
DA:166,0
DA:171,0
DA:173,0
DA:175,0
DA:192,0
DA:208,0
DA:213,0
DA:214,0
DA:215,0
DA:216,0
DA:217,0
DA:218,0
DA:219,0
DA:222,0
DA:224,0
DA:226,0
DA:229,0
DA:233,0
LF:83
LH:0
BRDA:47,0,0,0
BRDA:48,1,0,0
BRDA:49,2,0,0
BRDA:79,3,0,0
BRDA:79,3,1,0
BRDA:80,4,0,0
BRDA:80,4,1,0
BRDA:81,5,0,0
BRDA:81,5,1,0
BRDA:84,6,0,0
BRDA:84,6,1,0
BRDA:84,7,0,0
BRDA:84,7,1,0
BRDA:87,8,0,0
BRDA:87,8,1,0
BRDA:104,9,0,0
BRDA:104,9,1,0
BRDA:107,10,0,0
BRDA:107,10,1,0
BRDA:109,11,0,0
BRDA:109,11,1,0
BRDA:117,12,0,0
BRDA:117,12,1,0
BRDA:128,13,0,0
BRDA:128,13,1,0
BRDA:140,14,0,0
BRDA:140,14,1,0
BRDA:158,15,0,0
BRDA:158,15,1,0
BRDA:163,16,0,0
BRDA:163,16,1,0
BRDA:171,17,0,0
BRDA:171,17,1,0
BRDA:173,18,0,0
BRDA:173,18,1,0
BRDA:183,19,0,0
BRDA:183,19,1,0
BRDA:183,20,0,0
BRDA:183,20,1,0
BRDA:184,21,0,0
BRDA:184,21,1,0
BRDA:198,22,0,0
BRDA:198,22,1,0
BRDA:202,23,0,0
BRDA:202,23,1,0
BRDA:214,24,0,0
BRDA:214,24,1,0
BRDA:216,25,0,0
BRDA:216,25,1,0
BRDA:217,26,0,0
BRDA:217,26,1,0
BRDA:222,27,0,0
BRDA:222,27,1,0
BRDA:224,28,0,0
BRDA:224,28,1,0
BRDA:224,28,2,0
BRDA:226,29,0,0
BRDA:226,29,1,0
BRDA:226,29,2,0
BRDA:226,29,3,0
BRDA:226,29,4,0
BRDA:234,30,0,0
BRDA:234,30,1,0
BRDA:236,31,0,0
BRDA:236,31,1,0
BRDA:237,32,0,0
BRDA:237,32,1,0
BRDA:238,33,0,0
BRDA:238,33,1,0
BRDA:238,34,0,0
BRDA:238,34,1,0
BRDA:239,35,0,0
BRDA:239,35,1,0
BRDA:245,36,0,0
BRDA:245,36,1,0
BRDA:247,37,0,0
BRDA:247,37,1,0
BRDA:249,38,0,0
BRDA:249,38,1,0
BRDA:249,38,2,0
BRDA:251,39,0,0
BRDA:251,39,1,0
BRDA:251,39,2,0
BRDA:251,39,3,0
BRDA:253,40,0,0
BRDA:253,40,1,0
BRDA:255,41,0,0
BRDA:255,41,1,0
BRDA:255,41,2,0
BRDA:257,42,0,0
BRDA:257,42,1,0
BRDA:259,43,0,0
BRDA:259,43,1,0
BRDA:261,44,0,0
BRDA:261,44,1,0
BRDA:261,44,2,0
BRDA:264,45,0,0
BRDA:264,45,1,0
BRDA:270,46,0,0
BRDA:270,46,1,0
BRDA:270,46,2,0
BRDA:270,46,3,0
BRDA:270,46,4,0
BRDA:270,46,5,0
BRDA:273,47,0,0
BRDA:273,47,1,0
BRDA:286,48,0,0
BRDA:286,48,1,0
BRDA:289,49,0,0
BRDA:289,49,1,0
BRDA:289,50,0,0
BRDA:289,50,1,0
BRDA:291,51,0,0
BRDA:291,51,1,0
BRDA:308,52,0,0
BRDA:308,52,1,0
BRDA:317,53,0,0
BRDA:317,53,1,0
BRDA:322,54,0,0
BRDA:322,54,1,0
BRDA:323,55,0,0
BRDA:323,55,1,0
BRDA:327,56,0,0
BRDA:327,56,1,0
BRDA:332,57,0,0
BRDA:332,57,1,0
BRF:126
BRH:0
end_of_record
TN:
SF:src\components\booking\BookingPaymentPanel.jsx
FN:9,(anonymous_0)
FN:13,formatWhen
FN:24,IncludedItemsSummary
FN:39,(anonymous_3)
FN:81,BookingPaymentPanel
FN:87,(anonymous_5)
FN:110,(anonymous_6)
FN:128,(anonymous_7)
FN:132,(anonymous_8)
FNF:9
FNH:0
FNDA:0,(anonymous_0)
FNDA:0,formatWhen
FNDA:0,IncludedItemsSummary
FNDA:0,(anonymous_3)
FNDA:0,BookingPaymentPanel
FNDA:0,(anonymous_5)
FNDA:0,(anonymous_6)
FNDA:0,(anonymous_7)
FNDA:0,(anonymous_8)
DA:9,0
DA:10,0
DA:14,0
DA:15,0
DA:16,0
DA:17,0
DA:19,0
DA:25,0
DA:27,0
DA:40,0
DA:82,0
DA:83,0
DA:84,0
DA:85,0
DA:87,0
DA:88,0
DA:89,0
DA:90,0
DA:92,0
DA:93,0
DA:95,0
DA:97,0
DA:111,0
DA:112,0
DA:118,0
DA:120,0
DA:124,0
DA:128,0
DA:132,0
DA:133,0
DA:134,0
DA:137,0
DA:139,0
DA:140,0
DA:145,0
DA:146,0
DA:180,0
LF:37
LH:0
BRDA:10,0,0,0
BRDA:10,0,1,0
BRDA:15,1,0,0
BRDA:15,1,1,0
BRDA:15,2,0,0
BRDA:15,2,1,0
BRDA:25,3,0,0
BRDA:25,3,1,0
BRDA:25,4,0,0
BRDA:25,4,1,0
BRDA:29,5,0,0
BRDA:29,5,1,0
BRDA:33,6,0,0
BRDA:33,6,1,0
BRDA:36,7,0,0
BRDA:36,7,1,0
BRDA:49,8,0,0
BRDA:49,8,1,0
BRDA:49,8,2,0
BRDA:49,8,3,0
BRDA:49,8,4,0
BRDA:51,9,0,0
BRDA:51,9,1,0
BRDA:52,10,0,0
BRDA:52,10,1,0
BRDA:55,11,0,0
BRDA:55,11,1,0
BRDA:88,12,0,0
BRDA:88,12,1,0
BRDA:105,13,0,0
BRDA:105,13,1,0
BRDA:106,14,0,0
BRDA:106,14,1,0
BRDA:107,15,0,0
BRDA:107,15,1,0
BRDA:121,16,0,0
BRDA:121,16,1,0
BRDA:133,17,0,0
BRDA:133,17,1,0
BRDA:139,18,0,0
BRDA:139,18,1,0
BRDA:145,19,0,0
BRDA:145,19,1,0
BRDA:201,20,0,0
BRDA:201,20,1,0
BRDA:210,21,0,0
BRDA:210,21,1,0
BRF:47
BRH:0
end_of_record
TN:
SF:src\components\booking\BookingTimeline.jsx
FN:23,(anonymous_0)
FN:28,BookingTimeline
FN:33,(anonymous_2)
FNF:3
FNH:0
FNDA:0,(anonymous_0)
FNDA:0,BookingTimeline
FNDA:0,(anonymous_2)
DA:14,0
DA:23,0
DA:24,0
DA:29,0
DA:31,0
DA:34,0
DA:35,0
LF:7
LH:0
BRDA:28,0,0,0
BRDA:29,1,0,0
BRDA:29,1,1,0
BRDA:38,2,0,0
BRDA:38,2,1,0
BRDA:48,3,0,0
BRDA:48,3,1,0
BRDA:49,4,0,0
BRDA:49,4,1,0
BRDA:54,5,0,0
BRDA:54,5,1,0
BRDA:61,6,0,0
BRDA:61,6,1,0
BRF:13
BRH:0
end_of_record
TN:
SF:src\components\booking\CalendarParts.jsx
FN:15,CalendarMonthNav
FN:20,(anonymous_1)
FN:37,(anonymous_2)
FN:48,LegendItem
FNF:4
FNH:0
FNDA:0,CalendarMonthNav
FNDA:0,(anonymous_1)
FNDA:0,(anonymous_2)
FNDA:0,LegendItem
DA:16,0
DA:20,0
DA:37,0
DA:49,0
LF:4
LH:0
BRDA:32,0,0,0
BRDA:32,0,1,0
BRF:2
BRH:0
end_of_record
TN:
SF:src\components\booking\ReviewForm.jsx
FN:14,ReviewForm
FN:21,(anonymous_1)
FN:61,(anonymous_2)
FNF:3
FNH:0
FNDA:0,ReviewForm
FNDA:0,(anonymous_1)
FNDA:0,(anonymous_2)
DA:15,0
DA:16,0
DA:17,0
DA:18,0
DA:19,0
DA:21,0
DA:22,0
DA:23,0
DA:24,0
DA:25,0
DA:26,0
DA:28,0
DA:29,0
DA:30,0
DA:31,0
DA:32,0
DA:34,0
DA:36,0
DA:40,0
DA:41,0
DA:49,0
DA:61,0
LF:22
LH:0
BRDA:24,0,0,0
BRDA:24,0,1,0
BRDA:34,1,0,0
BRDA:34,1,1,0
BRDA:40,2,0,0
BRDA:40,2,1,0
BRDA:53,3,0,0
BRDA:53,3,1,0
BRDA:66,4,0,0
BRDA:66,4,1,0
BRDA:73,5,0,0
BRDA:73,5,1,0
BRF:12
BRH:0
end_of_record
TN:
SF:src\components\chat\ChatWidget.jsx
FN:23,ChatWidget
FN:46,(anonymous_1)
FN:49,(anonymous_2)
FN:52,(anonymous_3)
FN:55,(anonymous_4)
FN:59,(anonymous_5)
FN:63,(anonymous_6)
FN:66,(anonymous_7)
FN:71,(anonymous_8)
FN:73,(anonymous_9)
FN:82,(anonymous_10)
FN:83,(anonymous_11)
FN:87,(anonymous_12)
FN:95,(anonymous_13)
FN:97,(anonymous_14)
FN:113,(anonymous_15)
FN:119,(anonymous_16)
FN:133,(anonymous_17)
FN:133,(anonymous_18)
FN:179,(anonymous_19)
FN:219,(anonymous_20)
FN:244,Dot
FNF:22
FNH:0
FNDA:0,ChatWidget
FNDA:0,(anonymous_1)
FNDA:0,(anonymous_2)
FNDA:0,(anonymous_3)
FNDA:0,(anonymous_4)
FNDA:0,(anonymous_5)
FNDA:0,(anonymous_6)
FNDA:0,(anonymous_7)
FNDA:0,(anonymous_8)
FNDA:0,(anonymous_9)
FNDA:0,(anonymous_10)
FNDA:0,(anonymous_11)
FNDA:0,(anonymous_12)
FNDA:0,(anonymous_13)
FNDA:0,(anonymous_14)
FNDA:0,(anonymous_15)
FNDA:0,(anonymous_16)
FNDA:0,(anonymous_17)
FNDA:0,(anonymous_18)
FNDA:0,(anonymous_19)
FNDA:0,(anonymous_20)
FNDA:0,Dot
DA:21,0
DA:24,0
DA:25,0
DA:26,0
DA:33,0
DA:34,0
DA:35,0
DA:36,0
DA:37,0
DA:39,0
DA:40,0
DA:41,0
DA:46,0
DA:47,0
DA:48,0
DA:50,0
DA:53,0
DA:55,0
DA:59,0
DA:60,0
DA:63,0
DA:64,0
DA:65,0
DA:66,0
DA:71,0
DA:73,0
DA:74,0
DA:75,0
DA:77,0
DA:78,0
DA:79,0
DA:81,0
DA:82,0
DA:83,0
DA:85,0
DA:86,0
DA:87,0
DA:88,0
DA:90,0
DA:91,0
DA:93,0
DA:94,0
DA:97,0
DA:98,0
DA:99,0
DA:103,0
DA:108,0
DA:109,0
DA:111,0
DA:112,0
DA:113,0
DA:115,0
DA:119,0
DA:120,0
DA:121,0
DA:122,0
DA:126,0
DA:128,0
DA:133,0
DA:180,0
DA:219,0
DA:245,0
LF:62
LH:0
BRDA:50,0,0,0
BRDA:50,0,1,0
BRDA:53,1,0,0
BRDA:53,1,1,0
BRDA:60,2,0,0
BRDA:60,2,1,0
BRDA:64,3,0,0
BRDA:64,3,1,0
BRDA:75,4,0,0
BRDA:75,4,1,0
BRDA:75,5,0,0
BRDA:75,5,1,0
BRDA:109,6,0,0
BRDA:109,6,1,0
BRDA:111,7,0,0
BRDA:111,7,1,0
BRDA:112,8,0,0
BRDA:112,8,1,0
BRDA:120,9,0,0
BRDA:120,9,1,0
BRDA:120,10,0,0
BRDA:120,10,1,0
BRDA:126,11,0,0
BRDA:126,11,1,0
BRDA:137,12,0,0
BRDA:137,12,1,0
BRDA:148,13,0,0
BRDA:148,13,1,0
BRDA:142,14,0,0
BRDA:142,14,1,0
BRDA:151,15,0,0
BRDA:151,15,1,0
BRDA:151,15,2,0
BRDA:158,16,0,0
BRDA:158,16,1,0
BRDA:182,17,0,0
BRDA:182,17,1,0
BRDA:187,18,0,0
BRDA:187,18,1,0
BRDA:190,19,0,0
BRDA:190,19,1,0
BRDA:199,20,0,0
BRDA:199,20,1,0
BRDA:209,21,0,0
BRDA:209,21,1,0
BRDA:230,22,0,0
BRDA:230,22,1,0
BRDA:244,23,0,0
BRF:48
BRH:0
end_of_record
TN:
SF:src\components\home\HeroSlideshow.jsx
FN:47,HeroSlideshow
FN:53,(anonymous_1)
FN:56,loadSlides
FN:59,(anonymous_3)
FN:62,(anonymous_4)
FN:80,(anonymous_5)
FN:93,(anonymous_6)
FN:98,(anonymous_7)
FN:101,(anonymous_8)
FN:103,(anonymous_9)
FN:106,(anonymous_10)
FN:114,(anonymous_11)
FN:115,(anonymous_12)
FN:117,(anonymous_13)
FN:120,(anonymous_14)
FN:123,(anonymous_15)
FN:177,(anonymous_16)
FN:188,(anonymous_17)
FN:232,(anonymous_18)
FN:236,(anonymous_19)
FNF:20
FNH:0
FNDA:0,HeroSlideshow
FNDA:0,(anonymous_1)
FNDA:0,loadSlides
FNDA:0,(anonymous_3)
FNDA:0,(anonymous_4)
FNDA:0,(anonymous_5)
FNDA:0,(anonymous_6)
FNDA:0,(anonymous_7)
FNDA:0,(anonymous_8)
FNDA:0,(anonymous_9)
FNDA:0,(anonymous_10)
FNDA:0,(anonymous_11)
FNDA:0,(anonymous_12)
FNDA:0,(anonymous_13)
FNDA:0,(anonymous_14)
FNDA:0,(anonymous_15)
FNDA:0,(anonymous_16)
FNDA:0,(anonymous_17)
FNDA:0,(anonymous_18)
FNDA:0,(anonymous_19)
DA:7,0
DA:45,0
DA:48,0
DA:49,0
DA:50,0
DA:51,0
DA:53,0
DA:54,0
DA:57,0
DA:58,0
DA:59,0
DA:62,0
DA:63,0
DA:65,0
DA:67,0
DA:76,0
DA:78,0
DA:79,0
DA:80,0
DA:92,0
DA:93,0
DA:94,0
DA:98,0
DA:99,0
DA:100,0
DA:101,0
DA:102,0
DA:103,0
DA:106,0
DA:108,0
DA:109,0
DA:114,0
DA:115,0
DA:117,0
DA:118,0
DA:119,0
DA:120,0
DA:123,0
DA:124,0
DA:127,0
DA:128,0
DA:138,0
DA:178,0
DA:179,0
DA:189,0
DA:190,0
DA:233,0
DA:237,0
DA:238,0
LF:49
LH:0
BRDA:65,0,0,0
BRDA:65,0,1,0
BRDA:69,1,0,0
BRDA:69,1,1,0
BRDA:70,2,0,0
BRDA:70,2,1,0
BRDA:70,2,2,0
BRDA:76,3,0,0
BRDA:76,3,1,0
BRDA:78,4,0,0
BRDA:78,4,1,0
BRDA:108,5,0,0
BRDA:108,5,1,0
BRDA:118,6,0,0
BRDA:118,6,1,0
BRDA:118,7,0,0
BRDA:118,7,1,0
BRDA:127,8,0,0
BRDA:127,8,1,0
BRDA:157,9,0,0
BRDA:157,9,1,0
BRDA:158,10,0,0
BRDA:158,10,1,0
BRDA:246,11,0,0
BRDA:246,11,1,0
BRF:25
BRH:0
end_of_record
TN:
SF:src\components\layout\Footer.jsx
FN:4,Footer
FNF:1
FNH:0
FNDA:0,Footer
DA:5,0
DA:7,0
LF:2
LH:0
BRF:0
BRH:0
end_of_record
TN:
SF:src\components\layout\Header.jsx
FN:19,Header
FN:28,(anonymous_1)
FN:35,(anonymous_2)
FN:36,(anonymous_3)
FN:39,(anonymous_4)
FN:42,(anonymous_5)
FN:44,(anonymous_6)
FN:54,(anonymous_7)
FN:57,(anonymous_8)
FN:62,(anonymous_9)
FN:69,(anonymous_10)
FN:107,(anonymous_11)
FN:151,(anonymous_12)
FN:151,(anonymous_13)
FN:173,(anonymous_14)
FN:181,(anonymous_15)
FN:190,(anonymous_16)
FN:233,(anonymous_17)
FN:233,(anonymous_18)
FN:256,(anonymous_19)
FN:266,(anonymous_20)
FN:278,(anonymous_21)
FN:286,(anonymous_22)
FN:294,(anonymous_23)
FN:313,(anonymous_24)
FN:324,(anonymous_25)
FNF:26
FNH:0
FNDA:0,Header
FNDA:0,(anonymous_1)
FNDA:0,(anonymous_2)
FNDA:0,(anonymous_3)
FNDA:0,(anonymous_4)
FNDA:0,(anonymous_5)
FNDA:0,(anonymous_6)
FNDA:0,(anonymous_7)
FNDA:0,(anonymous_8)
FNDA:0,(anonymous_9)
FNDA:0,(anonymous_10)
FNDA:0,(anonymous_11)
FNDA:0,(anonymous_12)
FNDA:0,(anonymous_13)
FNDA:0,(anonymous_14)
FNDA:0,(anonymous_15)
FNDA:0,(anonymous_16)
FNDA:0,(anonymous_17)
FNDA:0,(anonymous_18)
FNDA:0,(anonymous_19)
FNDA:0,(anonymous_20)
FNDA:0,(anonymous_21)
FNDA:0,(anonymous_22)
FNDA:0,(anonymous_23)
FNDA:0,(anonymous_24)
FNDA:0,(anonymous_25)
DA:11,0
DA:20,0
DA:21,0
DA:22,0
DA:23,0
DA:24,0
DA:25,0
DA:26,0
DA:28,0
DA:29,0
DA:30,0
DA:31,0
DA:32,0
DA:35,0
DA:36,0
DA:37,0
DA:38,0
DA:39,0
DA:42,0
DA:43,0
DA:44,0
DA:45,0
DA:54,0
DA:55,0
DA:57,0
DA:58,0
DA:59,0
DA:62,0
DA:63,0
DA:66,0
DA:67,0
DA:68,0
DA:69,0
DA:70,0
DA:71,0
DA:72,0
DA:76,0
DA:108,0
DA:109,0
DA:151,0
DA:173,0
DA:181,0
DA:190,0
DA:233,0
DA:257,0
DA:266,0
DA:278,0
DA:286,0
DA:294,0
DA:313,0
DA:324,0
LF:51
LH:0
BRDA:43,0,0,0
BRDA:43,0,1,0
BRDA:55,1,0,0
BRDA:55,1,1,0
BRDA:58,2,0,0
BRDA:58,2,1,0
BRDA:58,3,0,0
BRDA:58,3,1,0
BRDA:63,4,0,0
BRDA:63,4,1,0
BRDA:80,5,0,0
BRDA:80,5,1,0
BRDA:115,6,0,0
BRDA:115,6,1,0
BRDA:120,7,0,0
BRDA:120,7,1,0
BRDA:136,8,0,0
BRDA:136,8,1,0
BRDA:137,9,0,0
BRDA:137,9,1,0
BRDA:147,10,0,0
BRDA:147,10,1,0
BRDA:155,11,0,0
BRDA:155,11,1,0
BRDA:163,12,0,0
BRDA:163,12,1,0
BRDA:187,13,0,0
BRDA:187,13,1,0
BRDA:230,14,0,0
BRDA:230,14,1,0
BRDA:234,15,0,0
BRDA:234,15,1,0
BRDA:236,16,0,0
BRDA:236,16,1,0
BRDA:247,17,0,0
BRDA:247,17,1,0
BRDA:262,18,0,0
BRDA:262,18,1,0
BRDA:273,19,0,0
BRDA:273,19,1,0
BRDA:282,20,0,0
BRDA:282,20,1,0
BRDA:302,21,0,0
BRDA:302,21,1,0
BRF:44
BRH:0
end_of_record
TN:
SF:src\components\notifications\NotificationBell.jsx
FN:15,resolveLink
FN:23,NotificationBell
FN:34,(anonymous_2)
FN:36,(anonymous_3)
FN:38,(anonymous_4)
FN:43,(anonymous_5)
FN:49,(anonymous_6)
FN:56,(anonymous_7)
FN:67,(anonymous_8)
FN:67,(anonymous_9)
FN:112,(anonymous_10)
FN:117,(anonymous_11)
FNF:12
FNH:0
FNDA:0,resolveLink
FNDA:0,NotificationBell
FNDA:0,(anonymous_2)
FNDA:0,(anonymous_3)
FNDA:0,(anonymous_4)
FNDA:0,(anonymous_5)
FNDA:0,(anonymous_6)
FNDA:0,(anonymous_7)
FNDA:0,(anonymous_8)
FNDA:0,(anonymous_9)
FNDA:0,(anonymous_10)
FNDA:0,(anonymous_11)
DA:16,0
DA:17,0
DA:18,0
DA:20,0
DA:24,0
DA:25,0
DA:26,0
DA:28,0
DA:34,0
DA:36,0
DA:37,0
DA:38,0
DA:39,0
DA:40,0
DA:43,0
DA:44,0
DA:46,0
DA:47,0
DA:48,0
DA:49,0
DA:50,0
DA:51,0
DA:52,0
DA:56,0
DA:57,0
DA:58,0
DA:59,0
DA:60,0
DA:63,0
DA:67,0
DA:113,0
DA:114,0
DA:117,0
LF:33
LH:0
BRDA:17,0,0,0
BRDA:17,0,1,0
BRDA:18,1,0,0
BRDA:18,1,1,0
BRDA:37,2,0,0
BRDA:37,2,1,0
BRDA:39,3,0,0
BRDA:39,3,1,0
BRDA:39,4,0,0
BRDA:39,4,1,0
BRDA:44,5,0,0
BRDA:44,5,1,0
BRDA:57,6,0,0
BRDA:57,6,1,0
BRDA:60,7,0,0
BRDA:60,7,1,0
BRDA:72,8,0,0
BRDA:72,8,1,0
BRDA:74,9,0,0
BRDA:74,9,1,0
BRDA:80,10,0,0
BRDA:80,10,1,0
BRDA:90,11,0,0
BRDA:90,11,1,0
BRDA:102,12,0,0
BRDA:102,12,1,0
BRDA:102,13,0,0
BRDA:102,13,1,0
BRDA:106,14,0,0
BRDA:106,14,1,0
BRDA:120,15,0,0
BRDA:120,15,1,0
BRDA:136,16,0,0
BRDA:136,16,1,0
BRF:34
BRH:0
end_of_record
TN:
SF:src\components\notifications\NotificationToasts.jsx
FN:15,NotificationToasts
FN:19,(anonymous_1)
FN:30,(anonymous_2)
FN:41,(anonymous_3)
FN:56,(anonymous_4)
FNF:5
FNH:0
FNDA:0,NotificationToasts
FNDA:0,(anonymous_1)
FNDA:0,(anonymous_2)
FNDA:0,(anonymous_3)
FNDA:0,(anonymous_4)
DA:16,0
DA:17,0
DA:19,0
DA:20,0
DA:21,0
DA:22,0
DA:23,0
DA:27,0
DA:31,0
DA:32,0
DA:41,0
DA:57,0
DA:58,0
LF:13
LH:0
BRDA:20,0,0,0
BRDA:20,0,1,0
BRDA:22,1,0,0
BRDA:22,1,1,0
BRDA:23,2,0,0
BRDA:23,2,1,0
BRF:6
BRH:0
end_of_record
TN:
SF:src\components\reviews\ReviewsModal.jsx
FN:12,ReviewsModal
FN:15,(anonymous_1)
FN:18,(anonymous_2)
FN:25,(anonymous_3)
FN:35,(anonymous_4)
FN:41,(anonymous_5)
FN:68,(anonymous_6)
FNF:7
FNH:0
FNDA:0,ReviewsModal
FNDA:0,(anonymous_1)
FNDA:0,(anonymous_2)
FNDA:0,(anonymous_3)
FNDA:0,(anonymous_4)
FNDA:0,(anonymous_5)
FNDA:0,(anonymous_6)
DA:13,0
DA:15,0
DA:16,0
DA:17,0
DA:18,0
DA:20,0
DA:24,0
DA:26,0
DA:27,0
DA:36,0
DA:37,0
DA:41,0
DA:44,0
DA:69,0
LF:14
LH:0
BRDA:16,0,0,0
BRDA:16,0,1,0
BRDA:16,1,0,0
BRDA:16,1,1,0
BRDA:20,2,0,0
BRDA:20,2,1,0
BRDA:26,3,0,0
BRDA:26,3,1,0
BRDA:29,4,0,0
BRDA:29,4,1,0
BRDA:30,5,0,0
BRDA:30,5,1,0
BRDA:31,6,0,0
BRDA:31,6,1,0
BRDA:36,7,0,0
BRDA:36,7,1,0
BRDA:37,8,0,0
BRDA:37,8,1,0
BRDA:45,9,0,0
BRDA:45,9,1,0
BRDA:46,10,0,0
BRDA:46,10,1,0
BRDA:50,11,0,0
BRDA:50,11,1,0
BRDA:57,12,0,0
BRDA:57,12,1,0
BRDA:58,13,0,0
BRDA:58,13,1,0
BRDA:58,14,0,0
BRDA:58,14,1,0
BRDA:62,15,0,0
BRDA:62,15,1,0
BRDA:72,16,0,0
BRDA:72,16,1,0
BRDA:76,17,0,0
BRDA:76,17,1,0
BRF:36
BRH:0
end_of_record
TN:
SF:src\components\routing\AdminRoute.jsx
FN:10,AdminRoute
FNF:1
FNH:0
FNDA:0,AdminRoute
DA:11,0
DA:12,0
DA:14,0
DA:15,0
DA:18,0
DA:19,0
DA:22,0
LF:7
LH:0
BRDA:14,0,0,0
BRDA:14,0,1,0
BRDA:18,1,0,0
BRDA:18,1,1,0
BRF:4
BRH:0
end_of_record
TN:
SF:src\components\routing\ProtectedRoute.jsx
FN:10,ProtectedRoute
FNF:1
FNH:0
FNDA:0,ProtectedRoute
DA:11,0
DA:12,0
DA:14,0
DA:15,0
DA:18,0
LF:5
LH:0
BRDA:14,0,0,0
BRDA:14,0,1,0
BRF:2
BRH:0
end_of_record
TN:
SF:src\components\ui\button.jsx
FN:44,(anonymous_0)
FNF:1
FNH:1
FNDA:7,(anonymous_0)
DA:12,1
DA:44,1
DA:46,7
DA:47,7
DA:49,1
DA:54,6
DA:63,1
LF:7
LH:7
BRDA:45,0,0,7
BRDA:46,1,0,1
BRDA:46,1,1,6
BRDA:47,2,0,1
BRDA:47,2,1,6
BRF:5
BRH:5
end_of_record
TN:
SF:src\components\ui\empty-state.jsx
FN:17,EmptyState
FNF:1
FNH:1
FNDA:5,EmptyState
DA:26,5
DA:28,5
LF:2
LH:2
BRDA:22,0,0,5
BRDA:23,1,0,5
BRDA:39,2,0,5
BRDA:39,2,1,2
BRDA:43,3,0,1
BRDA:43,3,1,1
BRDA:47,4,0,1
BRDA:47,4,1,1
BRDA:52,5,0,5
BRDA:52,5,1,5
BRDA:53,6,0,5
BRDA:53,6,1,1
BRDA:56,7,0,5
BRDA:56,7,1,1
BRF:14
BRH:14
end_of_record
TN:
SF:src\components\ui\form-field.jsx
FN:13,FormField
FNF:1
FNH:1
FNDA:5,FormField
DA:14,5
DA:15,5
LF:2
LH:2
BRDA:13,0,0,5
BRDA:14,1,0,1
BRDA:14,1,1,4
BRDA:21,2,0,5
BRDA:21,2,1,1
BRF:5
BRH:5
end_of_record
TN:
SF:src\components\ui\input.jsx
FN:10,(anonymous_0)
FNF:1
FNH:1
FNDA:4,(anonymous_0)
DA:10,1
DA:11,4
DA:26,1
LF:3
LH:3
BRDA:10,0,0,4
BRDA:19,1,0,1
BRDA:19,1,1,3
BRF:3
BRH:3
end_of_record
TN:
SF:src\components\ui\modal.jsx
FN:10,Modal
FN:11,(anonymous_1)
FN:13,(anonymous_2)
FN:17,(anonymous_3)
FN:57,ConfirmDialog
FNF:5
FNH:5
FNDA:7,Modal
FNDA:7,(anonymous_1)
FNDA:1,(anonymous_2)
FNDA:6,(anonymous_3)
FNDA:3,ConfirmDialog
DA:11,7
DA:12,7
DA:13,6
DA:14,6
DA:15,6
DA:16,6
DA:17,6
DA:18,6
DA:19,6
DA:23,7
DA:25,6
DA:66,3
LF:12
LH:12
BRDA:12,0,0,1
BRDA:12,0,1,6
BRDA:13,1,0,1
BRDA:13,1,1,1
BRDA:23,2,0,1
BRDA:23,2,1,6
BRDA:61,3,0,3
BRDA:63,4,0,3
BRDA:64,5,0,3
BRDA:69,6,0,3
BRDA:69,6,1,1
BRDA:83,7,0,1
BRDA:83,7,1,2
BRF:13
BRH:13
end_of_record
TN:
SF:src\components\ui\search-bar.jsx
FN:10,SearchBar
FN:22,(anonymous_1)
FN:29,(anonymous_2)
FNF:3
FNH:0
FNDA:0,SearchBar
FNDA:0,(anonymous_1)
FNDA:0,(anonymous_2)
DA:11,0
DA:22,0
DA:29,0
LF:3
LH:0
BRDA:10,0,0,0
BRDA:26,1,0,0
BRDA:26,1,1,0
BRF:3
BRH:0
end_of_record
TN:
SF:src\components\ui\select.jsx
FN:9,(anonymous_0)
FNF:1
FNH:1
FNDA:2,(anonymous_0)
DA:9,1
DA:10,2
DA:28,1
LF:3
LH:3
BRDA:17,0,0,0
BRDA:17,0,1,2
BRF:2
BRH:1
end_of_record
TN:
SF:src\components\ui\skeleton.jsx
FN:7,Skeleton
FN:18,SkeletonText
FN:21,(anonymous_2)
FN:33,SkeletonCard
FN:38,SkeletonGrid
FN:47,(anonymous_5)
FN:55,SkeletonRow
FN:68,SkeletonList
FN:71,(anonymous_8)
FN:82,SkeletonTable
FN:85,(anonymous_10)
FN:87,(anonymous_11)
FN:99,SkeletonStat
FNF:13
FNH:13
FNDA:37,Skeleton
FNDA:2,SkeletonText
FNDA:5,(anonymous_2)
FNDA:5,SkeletonCard
FNDA:1,SkeletonGrid
FNDA:5,(anonymous_5)
FNDA:4,SkeletonRow
FNDA:1,SkeletonList
FNDA:4,(anonymous_8)
FNDA:1,SkeletonTable
FNDA:3,(anonymous_10)
FNDA:12,(anonymous_11)
FNDA:1,SkeletonStat
DA:8,37
DA:19,2
DA:22,5
DA:34,5
DA:45,1
DA:48,5
DA:56,4
DA:69,1
DA:72,4
DA:83,1
DA:86,3
DA:88,12
DA:100,1
LF:13
LH:13
BRDA:18,0,0,2
BRDA:18,1,0,2
BRDA:25,2,0,2
BRDA:25,2,1,3
BRDA:25,3,0,5
BRDA:25,3,1,2
BRDA:33,4,0,5
BRDA:39,5,0,1
BRDA:40,6,0,1
BRDA:41,7,0,1
BRDA:42,8,0,1
BRDA:68,9,0,1
BRDA:82,10,0,1
BRDA:82,11,0,1
BRDA:89,12,0,3
BRDA:89,12,1,9
BRF:16
BRH:16
end_of_record
TN:
SF:src\components\ui\star-rating.jsx
FN:8,StarRating
FN:14,(anonymous_1)
FN:44,StarRatingInput
FN:49,(anonymous_3)
FN:59,(anonymous_4)
FNF:5
FNH:0
FNDA:0,StarRating
FNDA:0,(anonymous_1)
FNDA:0,StarRatingInput
FNDA:0,(anonymous_3)
FNDA:0,(anonymous_4)
DA:9,0
DA:11,0
DA:15,0
DA:16,0
DA:17,0
DA:45,0
DA:47,0
DA:50,0
DA:51,0
DA:52,0
DA:59,0
LF:11
LH:0
BRDA:8,0,0,0
BRDA:8,1,0,0
BRDA:9,2,0,0
BRDA:9,2,1,0
BRDA:9,3,0,0
BRDA:9,3,1,0
BRDA:16,4,0,0
BRDA:16,4,1,0
BRDA:16,4,2,0
BRDA:20,5,0,0
BRDA:20,5,1,0
BRDA:20,5,2,0
BRDA:24,6,0,0
BRDA:24,6,1,0
BRDA:31,7,0,0
BRDA:31,7,1,0
BRDA:33,8,0,0
BRDA:33,8,1,0
BRDA:34,9,0,0
BRDA:34,9,1,0
BRDA:44,10,0,0
BRDA:45,11,0,0
BRDA:45,11,1,0
BRDA:58,12,0,0
BRDA:58,12,1,0
BRDA:63,13,0,0
BRDA:63,13,1,0
BRF:27
BRH:0
end_of_record
TN:
SF:src\components\ui\status-badge.jsx
FN:18,StatusBadge
FNF:1
FNH:1
FNDA:9,StatusBadge
DA:9,1
DA:19,9
LF:2
LH:2
BRDA:23,0,0,9
BRDA:23,0,1,1
BRF:2
BRH:2
end_of_record
TN:
SF:src\components\ui\status-banner.jsx
FN:8,StatusBanner
FNF:1
FNH:0
FNDA:0,StatusBanner
DA:9,0
DA:11,0
DA:12,0
DA:14,0
LF:4
LH:0
BRDA:9,0,0,0
BRDA:9,0,1,0
BRDA:12,1,0,0
BRDA:12,1,1,0
BRDA:18,2,0,0
BRDA:18,2,1,0
BRF:6
BRH:0
end_of_record
TN:
SF:src\components\ui\textarea.jsx
FN:8,(anonymous_0)
FNF:1
FNH:1
FNDA:1,(anonymous_0)
DA:8,1
DA:9,1
DA:24,1
LF:3
LH:3
BRDA:8,0,0,1
BRDA:17,1,0,0
BRDA:17,1,1,1
BRF:3
BRH:2
end_of_record
TN:
SF:src\components\ui\theme-toggle.jsx
FN:11,ThemeToggle
FNF:1
FNH:0
FNDA:0,ThemeToggle
DA:12,0
DA:14,0
LF:2
LH:0
BRDA:18,0,0,0
BRDA:18,0,1,0
BRDA:19,1,0,0
BRDA:19,1,1,0
BRDA:28,2,0,0
BRDA:28,2,1,0
BRF:6
BRH:0
end_of_record
TN:
SF:src\context\AuthContext.jsx
FN:16,AuthProvider
FN:17,(anonymous_1)
FN:29,(anonymous_2)
FN:38,(anonymous_3)
FN:56,(anonymous_4)
FN:72,(anonymous_5)
FN:78,(anonymous_6)
FN:92,(anonymous_7)
FN:105,(anonymous_8)
FN:123,(anonymous_9)
FN:129,(anonymous_10)
FN:143,(anonymous_11)
FN:157,(anonymous_12)
FN:158,(anonymous_13)
FN:168,(anonymous_14)
FN:193,useAuth
FNF:16
FNH:0
FNDA:0,AuthProvider
FNDA:0,(anonymous_1)
FNDA:0,(anonymous_2)
FNDA:0,(anonymous_3)
FNDA:0,(anonymous_4)
FNDA:0,(anonymous_5)
FNDA:0,(anonymous_6)
FNDA:0,(anonymous_7)
FNDA:0,(anonymous_8)
FNDA:0,(anonymous_9)
FNDA:0,(anonymous_10)
FNDA:0,(anonymous_11)
FNDA:0,(anonymous_12)
FNDA:0,(anonymous_13)
FNDA:0,(anonymous_14)
FNDA:0,useAuth
DA:5,0
DA:17,0
DA:18,0
DA:19,0
DA:20,0
DA:22,0
DA:25,0
DA:26,0
DA:29,0
DA:30,0
DA:31,0
DA:32,0
DA:38,0
DA:39,0
DA:40,0
DA:41,0
DA:42,0
DA:43,0
DA:46,0
DA:47,0
DA:49,0
DA:50,0
DA:52,0
DA:56,0
DA:57,0
DA:58,0
DA:59,0
DA:60,0
DA:61,0
DA:62,0
DA:63,0
DA:65,0
DA:66,0
DA:68,0
DA:72,0
DA:73,0
DA:74,0
DA:75,0
DA:78,0
DA:79,0
DA:80,0
DA:81,0
DA:82,0
DA:83,0
DA:85,0
DA:86,0
DA:88,0
DA:92,0
DA:93,0
DA:94,0
DA:95,0
DA:96,0
DA:98,0
DA:99,0
DA:101,0
DA:105,0
DA:106,0
DA:107,0
DA:108,0
DA:109,0
DA:110,0
DA:113,0
DA:114,0
DA:116,0
DA:117,0
DA:119,0
DA:123,0
DA:124,0
DA:125,0
DA:126,0
DA:127,0
DA:129,0
DA:130,0
DA:134,0
DA:136,0
DA:137,0
DA:139,0
DA:143,0
DA:144,0
DA:145,0
DA:146,0
DA:147,0
DA:149,0
DA:150,0
DA:152,0
DA:157,0
DA:158,0
DA:159,0
DA:160,0
DA:161,0
DA:163,0
DA:164,0
DA:167,0
DA:168,0
DA:171,0
DA:194,0
DA:195,0
DA:196,0
LF:98
LH:0
BRDA:20,0,0,0
BRDA:20,0,1,0
BRDA:31,1,0,0
BRDA:31,1,1,0
BRDA:31,2,0,0
BRDA:31,2,1,0
BRDA:130,3,0,0
BRDA:130,3,1,0
BRDA:130,4,0,0
BRDA:130,4,1,0
BRDA:159,5,0,0
BRDA:159,5,1,0
BRDA:160,6,0,0
BRDA:160,6,1,0
BRDA:160,7,0,0
BRDA:160,7,1,0
BRDA:161,8,0,0
BRDA:161,8,1,0
BRDA:161,9,0,0
BRDA:161,9,1,0
BRDA:163,10,0,0
BRDA:163,10,1,0
BRDA:164,11,0,0
BRDA:164,11,1,0
BRDA:195,12,0,0
BRDA:195,12,1,0
BRF:26
BRH:0
end_of_record
TN:
SF:src\context\NotificationContext.jsx
FN:30,NotificationProvider
FN:38,(anonymous_1)
FN:53,(anonymous_2)
FN:54,(anonymous_3)
FN:54,(anonymous_4)
FN:57,(anonymous_5)
FN:59,(anonymous_6)
FN:60,(anonymous_7)
FN:63,(anonymous_8)
FN:65,(anonymous_9)
FN:66,(anonymous_10)
FN:68,(anonymous_11)
FN:76,(anonymous_12)
FN:77,(anonymous_13)
FN:77,(anonymous_14)
FN:87,(anonymous_15)
FN:99,(anonymous_16)
FN:102,(anonymous_17)
FN:103,(anonymous_18)
FN:104,(anonymous_19)
FN:109,(anonymous_20)
FN:118,(anonymous_21)
FN:120,(anonymous_22)
FN:121,(anonymous_23)
FN:142,useNotifications
FNF:25
FNH:0
FNDA:0,NotificationProvider
FNDA:0,(anonymous_1)
FNDA:0,(anonymous_2)
FNDA:0,(anonymous_3)
FNDA:0,(anonymous_4)
FNDA:0,(anonymous_5)
FNDA:0,(anonymous_6)
FNDA:0,(anonymous_7)
FNDA:0,(anonymous_8)
FNDA:0,(anonymous_9)
FNDA:0,(anonymous_10)
FNDA:0,(anonymous_11)
FNDA:0,(anonymous_12)
FNDA:0,(anonymous_13)
FNDA:0,(anonymous_14)
FNDA:0,(anonymous_15)
FNDA:0,(anonymous_16)
FNDA:0,(anonymous_17)
FNDA:0,(anonymous_18)
FNDA:0,(anonymous_19)
FNDA:0,(anonymous_20)
FNDA:0,(anonymous_21)
FNDA:0,(anonymous_22)
FNDA:0,(anonymous_23)
FNDA:0,useNotifications
DA:6,0
DA:9,0
DA:10,0
DA:31,0
DA:32,0
DA:33,0
DA:34,0
DA:35,0
DA:36,0
DA:38,0
DA:39,0
DA:40,0
DA:41,0
DA:42,0
DA:43,0
DA:44,0
DA:47,0
DA:49,0
DA:53,0
DA:54,0
DA:57,0
DA:58,0
DA:59,0
DA:60,0
DA:63,0
DA:65,0
DA:66,0
DA:68,0
DA:69,0
DA:70,0
DA:76,0
DA:77,0
DA:78,0
DA:79,0
DA:80,0
DA:87,0
DA:88,0
DA:89,0
DA:91,0
DA:92,0
DA:93,0
DA:99,0
DA:100,0
DA:102,0
DA:103,0
DA:104,0
DA:105,0
DA:108,0
DA:109,0
DA:118,0
DA:119,0
DA:120,0
DA:121,0
DA:124,0
DA:143,0
DA:144,0
DA:145,0
LF:57
LH:0
BRDA:38,0,0,0
BRDA:38,1,0,0
BRDA:38,2,0,0
BRDA:38,3,0,0
BRDA:39,4,0,0
BRDA:39,4,1,0
BRDA:49,5,0,0
BRDA:49,5,1,0
BRDA:66,6,0,0
BRDA:66,6,1,0
BRDA:88,7,0,0
BRDA:88,7,1,0
BRDA:100,8,0,0
BRDA:100,8,1,0
BRDA:119,9,0,0
BRDA:119,9,1,0
BRDA:144,10,0,0
BRDA:144,10,1,0
BRF:18
BRH:0
end_of_record
TN:
SF:src\context\ThemeContext.jsx
FN:7,getPreferredTheme
FN:20,applyTheme
FN:34,ThemeProvider
FN:37,(anonymous_3)
FN:48,(anonymous_4)
FN:58,(anonymous_5)
FN:60,(anonymous_6)
FN:64,(anonymous_7)
FN:65,(anonymous_8)
FN:71,(anonymous_9)
FN:74,(anonymous_10)
FN:75,(anonymous_11)
FN:85,useTheme
FNF:13
FNH:10
FNDA:4,getPreferredTheme
FNDA:7,applyTheme
FNDA:7,ThemeProvider
FNDA:7,(anonymous_3)
FNDA:4,(anonymous_4)
FNDA:0,(anonymous_5)
FNDA:0,(anonymous_6)
FNDA:4,(anonymous_7)
FNDA:0,(anonymous_8)
FNDA:4,(anonymous_9)
FNDA:3,(anonymous_10)
FNDA:3,(anonymous_11)
FNDA:10,useTheme
DA:3,1
DA:5,1
DA:8,4
DA:9,4
DA:10,4
DA:14,3
DA:15,3
DA:17,0
DA:21,7
DA:22,7
DA:23,7
DA:35,7
DA:37,7
DA:38,7
DA:39,7
DA:40,7
DA:48,7
DA:49,4
DA:50,4
DA:51,4
DA:55,4
DA:57,0
DA:58,0
DA:59,0
DA:60,0
DA:64,7
DA:65,4
DA:66,0
DA:67,0
DA:70,4
DA:71,4
DA:74,7
DA:75,3
DA:78,7
DA:86,10
DA:87,10
DA:88,7
LF:37
LH:30
BRDA:10,0,0,1
BRDA:10,0,1,3
BRDA:10,1,0,4
BRDA:10,1,1,4
BRDA:14,2,0,3
BRDA:14,2,1,0
BRDA:14,3,0,3
BRDA:14,3,1,3
BRDA:15,4,0,0
BRDA:15,4,1,3
BRDA:55,5,0,4
BRDA:55,5,1,0
BRDA:58,6,0,0
BRDA:58,6,1,0
BRDA:66,7,0,0
BRDA:66,7,1,0
BRDA:66,8,0,0
BRDA:66,8,1,0
BRDA:66,8,2,0
BRDA:75,9,0,1
BRDA:75,9,1,2
BRDA:87,10,0,2
BRDA:87,10,1,8
BRF:23
BRH:13
end_of_record
TN:
SF:src\hooks\useBookingSocket.js
FN:30,useBookingSocket
FN:34,(anonymous_1)
FN:43,(anonymous_2)
FNF:3
FNH:0
FNDA:0,useBookingSocket
FNDA:0,(anonymous_1)
FNDA:0,(anonymous_2)
DA:32,0
DA:34,0
DA:36,0
DA:39,0
DA:40,0
DA:43,0
DA:44,0
DA:47,0
DA:48,0
LF:9
LH:0
BRDA:30,0,0,0
BRDA:39,1,0,0
BRDA:39,1,1,0
BRDA:47,2,0,0
BRDA:47,2,1,0
BRF:5
BRH:0
end_of_record
TN:
SF:src\lib\api.js
FN:29,(anonymous_0)
FN:36,(anonymous_1)
FN:45,(anonymous_2)
FN:46,(anonymous_3)
FNF:4
FNH:0
FNDA:0,(anonymous_0)
FNDA:0,(anonymous_1)
FNDA:0,(anonymous_2)
FNDA:0,(anonymous_3)
DA:20,0
DA:29,0
DA:31,0
DA:32,0
DA:33,0
DA:35,0
DA:37,0
DA:45,0
DA:46,0
DA:48,0
DA:50,0
DA:55,0
DA:56,0
DA:57,0
DA:60,0
LF:15
LH:0
BRDA:21,0,0,0
BRDA:21,0,1,0
BRDA:32,1,0,0
BRDA:32,1,1,0
BRDA:50,2,0,0
BRDA:50,2,1,0
BRDA:50,2,2,0
BRDA:55,3,0,0
BRDA:55,3,1,0
BRDA:55,4,0,0
BRDA:55,4,1,0
BRF:11
BRH:0
end_of_record
TN:
SF:src\lib\calendarUtils.js
FN:12,getMonthKey
FN:16,isBeforeCurrentMonth
FN:21,isCurrentMonth
FN:27,stepMonth
FN:36,getMonthLabel
FN:44,getLeadingBlanks
FNF:6
FNH:6
FNDA:2,getMonthKey
FNDA:5,isBeforeCurrentMonth
FNDA:3,isCurrentMonth
FNDA:4,stepMonth
FNDA:2,getMonthLabel
FNDA:1,getLeadingBlanks
DA:9,1
DA:13,2
DA:17,5
DA:18,5
DA:22,3
DA:23,3
DA:28,4
DA:29,4
DA:30,4
DA:31,4
DA:32,4
DA:37,2
DA:45,1
LF:13
LH:13
BRDA:18,0,0,5
BRDA:18,0,1,4
BRDA:18,0,2,3
BRDA:23,1,0,3
BRDA:23,1,1,2
BRDA:30,2,0,1
BRDA:30,2,1,3
BRDA:31,3,0,1
BRDA:31,3,1,3
BRF:9
BRH:9
end_of_record
TN:
SF:src\lib\notificationMeta.js
FN:48,getNotificationMeta
FN:56,formatRelativeTime
FNF:2
FNH:0
FNDA:0,getNotificationMeta
FNDA:0,formatRelativeTime
DA:17,0
DA:49,0
DA:57,0
DA:58,0
DA:59,0
DA:61,0
DA:62,0
DA:63,0
DA:64,0
DA:65,0
DA:66,0
DA:68,0
LF:12
LH:0
BRDA:49,0,0,0
BRDA:49,0,1,0
BRDA:61,1,0,0
BRDA:61,1,1,0
BRDA:62,2,0,0
BRDA:62,2,1,0
BRDA:64,3,0,0
BRDA:64,3,1,0
BRDA:66,4,0,0
BRDA:66,4,1,0
BRF:10
BRH:0
end_of_record
TN:
SF:src\lib\utils.js
FN:9,cn
FNF:1
FNH:1
FNDA:98,cn
DA:10,98
LF:1
LH:1
BRF:0
BRH:0
end_of_record
TN:
SF:src\pages\About.jsx
FN:5,About
FNF:1
FNH:0
FNDA:0,About
DA:6,0
LF:1
LH:0
BRF:0
BRH:0
end_of_record
TN:
SF:src\pages\Account.jsx
FN:17,Account
FN:26,(anonymous_1)
FN:36,(anonymous_2)
FN:50,(anonymous_3)
FN:140,(anonymous_4)
FN:149,(anonymous_5)
FN:158,(anonymous_6)
FN:162,(anonymous_7)
FNF:8
FNH:0
FNDA:0,Account
FNDA:0,(anonymous_1)
FNDA:0,(anonymous_2)
FNDA:0,(anonymous_3)
FNDA:0,(anonymous_4)
FNDA:0,(anonymous_5)
FNDA:0,(anonymous_6)
FNDA:0,(anonymous_7)
DA:10,0
DA:18,0
DA:20,0
DA:21,0
DA:22,0
DA:24,0
DA:26,0
DA:27,0
DA:28,0
DA:29,0
DA:30,0
DA:32,0
DA:36,0
DA:37,0
DA:38,0
DA:39,0
DA:40,0
DA:43,0
DA:44,0
DA:46,0
DA:47,0
DA:50,0
DA:51,0
DA:52,0
DA:53,0
DA:54,0
DA:55,0
DA:56,0
DA:57,0
DA:58,0
DA:60,0
DA:64,0
DA:140,0
DA:149,0
DA:158,0
DA:162,0
LF:36
LH:0
BRDA:38,0,0,0
BRDA:38,0,1,0
BRDA:39,1,0,0
BRDA:39,1,1,0
BRDA:39,2,0,0
BRDA:39,2,1,0
BRDA:43,3,0,0
BRDA:43,3,1,0
BRDA:53,4,0,0
BRDA:53,4,1,0
BRDA:60,5,0,0
BRDA:60,5,1,0
BRDA:71,6,0,0
BRDA:71,6,1,0
BRDA:75,7,0,0
BRDA:75,7,1,0
BRDA:75,7,2,0
BRDA:96,8,0,0
BRDA:96,8,1,0
BRDA:100,9,0,0
BRDA:100,9,1,0
BRDA:100,10,0,0
BRDA:100,10,1,0
BRDA:102,11,0,0
BRDA:102,11,1,0
BRDA:110,12,0,0
BRDA:110,12,1,0
BRDA:165,13,0,0
BRDA:165,13,1,0
BRF:29
BRH:0
end_of_record
TN:
SF:src\pages\Availability.jsx
FN:23,Availability
FN:136,InfoCard
FNF:2
FNH:0
FNDA:0,Availability
FNDA:0,InfoCard
DA:24,0
DA:25,0
DA:27,0
DA:36,0
DA:137,0
LF:5
LH:0
BRDA:27,0,0,0
BRDA:27,0,1,0
BRDA:70,1,0,0
BRDA:70,1,1,0
BRDA:103,2,0,0
BRDA:103,2,1,0
BRF:6
BRH:0
end_of_record
TN:
SF:src\pages\Booking.jsx
FN:23,(anonymous_0)
FN:45,Booking
FN:83,(anonymous_2)
FN:90,(anonymous_3)
FN:97,(anonymous_4)
FN:98,(anonymous_5)
FN:99,(anonymous_6)
FN:101,(anonymous_7)
FN:105,(anonymous_8)
FN:113,(anonymous_9)
FN:122,(anonymous_10)
FN:123,(anonymous_11)
FN:124,(anonymous_12)
FN:126,(anonymous_13)
FN:129,(anonymous_14)
FN:130,(anonymous_15)
FN:130,(anonymous_16)
FN:133,(anonymous_17)
FN:143,(anonymous_18)
FN:186,(anonymous_19)
FN:195,(anonymous_20)
FN:256,(anonymous_21)
FN:266,(anonymous_22)
FN:281,(anonymous_23)
FN:285,(anonymous_24)
FN:307,(anonymous_25)
FN:307,(anonymous_26)
FN:311,(anonymous_27)
FN:329,(anonymous_28)
FN:372,(anonymous_29)
FN:379,(anonymous_30)
FN:383,(anonymous_31)
FN:404,(anonymous_32)
FN:414,(anonymous_33)
FNF:34
FNH:0
FNDA:0,(anonymous_0)
FNDA:0,Booking
FNDA:0,(anonymous_2)
FNDA:0,(anonymous_3)
FNDA:0,(anonymous_4)
FNDA:0,(anonymous_5)
FNDA:0,(anonymous_6)
FNDA:0,(anonymous_7)
FNDA:0,(anonymous_8)
FNDA:0,(anonymous_9)
FNDA:0,(anonymous_10)
FNDA:0,(anonymous_11)
FNDA:0,(anonymous_12)
FNDA:0,(anonymous_13)
FNDA:0,(anonymous_14)
FNDA:0,(anonymous_15)
FNDA:0,(anonymous_16)
FNDA:0,(anonymous_17)
FNDA:0,(anonymous_18)
FNDA:0,(anonymous_19)
FNDA:0,(anonymous_20)
FNDA:0,(anonymous_21)
FNDA:0,(anonymous_22)
FNDA:0,(anonymous_23)
FNDA:0,(anonymous_24)
FNDA:0,(anonymous_25)
FNDA:0,(anonymous_26)
FNDA:0,(anonymous_27)
FNDA:0,(anonymous_28)
FNDA:0,(anonymous_29)
FNDA:0,(anonymous_30)
FNDA:0,(anonymous_31)
FNDA:0,(anonymous_32)
FNDA:0,(anonymous_33)
DA:12,0
DA:17,0
DA:23,0
DA:24,0
DA:46,0
DA:47,0
DA:48,0
DA:50,0
DA:51,0
DA:52,0
DA:55,0
DA:56,0
DA:57,0
DA:58,0
DA:59,0
DA:62,0
DA:63,0
DA:64,0
DA:65,0
DA:66,0
DA:67,0
DA:68,0
DA:70,0
DA:71,0
DA:72,0
DA:77,0
DA:80,0
DA:81,0
DA:83,0
DA:84,0
DA:85,0
DA:86,0
DA:90,0
DA:91,0
DA:92,0
DA:93,0
DA:95,0
DA:96,0
DA:97,0
DA:98,0
DA:99,0
DA:101,0
DA:105,0
DA:106,0
DA:108,0
DA:109,0
DA:110,0
DA:112,0
DA:113,0
DA:114,0
DA:115,0
DA:122,0
DA:123,0
DA:124,0
DA:126,0
DA:129,0
DA:130,0
DA:133,0
DA:134,0
DA:135,0
DA:136,0
DA:137,0
DA:138,0
DA:141,0
DA:143,0
DA:144,0
DA:145,0
DA:146,0
DA:149,0
DA:170,0
DA:171,0
DA:172,0
DA:174,0
DA:176,0
DA:186,0
DA:187,0
DA:191,0
DA:193,0
DA:195,0
DA:197,0
DA:211,0
DA:212,0
DA:219,0
DA:220,0
DA:228,0
DA:256,0
DA:266,0
DA:282,0
DA:285,0
DA:307,0
DA:308,0
DA:311,0
DA:329,0
DA:372,0
DA:380,0
DA:383,0
DA:404,0
DA:414,0
LF:98
LH:0
BRDA:24,0,0,0
BRDA:24,0,1,0
BRDA:48,1,0,0
BRDA:48,1,1,0
BRDA:55,2,0,0
BRDA:55,2,1,0
BRDA:77,3,0,0
BRDA:77,3,1,0
BRDA:80,4,0,0
BRDA:80,4,1,0
BRDA:81,5,0,0
BRDA:81,5,1,0
BRDA:84,6,0,0
BRDA:84,6,1,0
BRDA:84,7,0,0
BRDA:84,7,1,0
BRDA:84,7,2,0
BRDA:95,8,0,0
BRDA:95,8,1,0
BRDA:97,9,0,0
BRDA:97,9,1,0
BRDA:98,10,0,0
BRDA:98,10,1,0
BRDA:98,11,0,0
BRDA:98,11,1,0
BRDA:99,12,0,0
BRDA:99,12,1,0
BRDA:106,13,0,0
BRDA:106,13,1,0
BRDA:106,14,0,0
BRDA:106,14,1,0
BRDA:108,15,0,0
BRDA:108,15,1,0
BRDA:108,16,0,0
BRDA:108,16,1,0
BRDA:108,16,2,0
BRDA:117,17,0,0
BRDA:117,17,1,0
BRDA:118,18,0,0
BRDA:118,18,1,0
BRDA:130,19,0,0
BRDA:130,19,1,0
BRDA:134,20,0,0
BRDA:134,20,1,0
BRDA:141,21,0,0
BRDA:141,21,1,0
BRDA:141,22,0,0
BRDA:141,22,1,0
BRDA:141,23,0,0
BRDA:141,23,1,0
BRDA:141,23,2,0
BRDA:141,24,0,0
BRDA:141,24,1,0
BRDA:144,25,0,0
BRDA:144,25,1,0
BRDA:144,26,0,0
BRDA:144,26,1,0
BRDA:149,27,0,0
BRDA:149,27,1,0
BRDA:154,28,0,0
BRDA:154,28,1,0
BRDA:161,29,0,0
BRDA:161,29,1,0
BRDA:165,30,0,0
BRDA:165,30,1,0
BRDA:174,31,0,0
BRDA:174,31,1,0
BRDA:187,32,0,0
BRDA:187,32,1,0
BRDA:191,33,0,0
BRDA:191,33,1,0
BRDA:193,34,0,0
BRDA:193,34,1,0
BRDA:194,35,0,0
BRDA:194,35,1,0
BRDA:195,36,0,0
BRDA:195,36,1,0
BRDA:203,37,0,0
BRDA:203,37,1,0
BRDA:203,38,0,0
BRDA:203,38,1,0
BRDA:204,39,0,0
BRDA:204,39,1,0
BRDA:205,40,0,0
BRDA:205,40,1,0
BRDA:211,41,0,0
BRDA:211,41,1,0
BRDA:219,42,0,0
BRDA:219,42,1,0
BRDA:219,43,0,0
BRDA:219,43,1,0
BRDA:222,44,0,0
BRDA:222,44,1,0
BRDA:233,45,0,0
BRDA:233,45,1,0
BRDA:235,46,0,0
BRDA:235,46,1,0
BRDA:238,47,0,0
BRDA:238,47,1,0
BRDA:249,48,0,0
BRDA:249,48,1,0
BRDA:259,49,0,0
BRDA:259,49,1,0
BRDA:269,50,0,0
BRDA:269,50,1,0
BRDA:277,51,0,0
BRDA:277,51,1,0
BRDA:288,52,0,0
BRDA:288,52,1,0
BRDA:303,53,0,0
BRDA:303,53,1,0
BRDA:314,54,0,0
BRDA:314,54,1,0
BRDA:317,55,0,0
BRDA:317,55,1,0
BRDA:324,56,0,0
BRDA:324,56,1,0
BRDA:341,57,0,0
BRDA:341,57,1,0
BRDA:341,58,0,0
BRDA:341,58,1,0
BRDA:343,59,0,0
BRDA:343,59,1,0
BRDA:347,60,0,0
BRDA:347,60,1,0
BRDA:347,61,0,0
BRDA:347,61,1,0
BRDA:347,61,2,0
BRDA:355,62,0,0
BRDA:355,62,1,0
BRDA:365,63,0,0
BRDA:365,63,1,0
BRDA:369,64,0,0
BRDA:369,64,1,0
BRDA:375,65,0,0
BRDA:375,65,1,0
BRDA:375,65,2,0
BRDA:386,66,0,0
BRDA:386,66,1,0
BRDA:423,67,0,0
BRDA:423,67,1,0
BRDA:428,68,0,0
BRDA:428,68,1,0
BRDA:429,69,0,0
BRDA:429,69,1,0
BRF:145
BRH:0
end_of_record
TN:
SF:src\pages\BookingDetail.jsx
FN:25,(anonymous_0)
FN:28,(anonymous_1)
FN:41,BookingDetail
FN:50,(anonymous_3)
FN:57,(anonymous_4)
FN:58,(anonymous_5)
FN:59,(anonymous_6)
FN:61,(anonymous_7)
FN:64,(anonymous_8)
FN:73,(anonymous_9)
FN:117,(anonymous_10)
FN:189,(anonymous_11)
FN:263,(anonymous_12)
FN:263,(anonymous_13)
FN:303,Detail
FN:312,Row
FNF:16
FNH:0
FNDA:0,(anonymous_0)
FNDA:0,(anonymous_1)
FNDA:0,BookingDetail
FNDA:0,(anonymous_3)
FNDA:0,(anonymous_4)
FNDA:0,(anonymous_5)
FNDA:0,(anonymous_6)
FNDA:0,(anonymous_7)
FNDA:0,(anonymous_8)
FNDA:0,(anonymous_9)
FNDA:0,(anonymous_10)
FNDA:0,(anonymous_11)
FNDA:0,(anonymous_12)
FNDA:0,(anonymous_13)
FNDA:0,Detail
FNDA:0,Row
DA:16,0
DA:25,0
DA:26,0
DA:28,0
DA:29,0
DA:42,0
DA:43,0
DA:45,0
DA:46,0
DA:47,0
DA:48,0
DA:50,0
DA:51,0
DA:52,0
DA:53,0
DA:55,0
DA:57,0
DA:58,0
DA:59,0
DA:61,0
DA:64,0
DA:65,0
DA:66,0
DA:67,0
DA:68,0
DA:73,0
DA:83,0
DA:85,0
DA:89,0
DA:90,0
DA:97,0
DA:98,0
DA:110,0
DA:111,0
DA:112,0
DA:113,0
DA:116,0
DA:117,0
DA:120,0
DA:190,0
DA:263,0
DA:304,0
DA:313,0
LF:43
LH:0
BRDA:26,0,0,0
BRDA:26,0,1,0
BRDA:29,1,0,0
BRDA:29,1,1,0
BRDA:57,2,0,0
BRDA:57,2,1,0
BRDA:58,3,0,0
BRDA:58,3,1,0
BRDA:58,4,0,0
BRDA:58,4,1,0
BRDA:59,5,0,0
BRDA:59,5,1,0
BRDA:65,6,0,0
BRDA:65,6,1,0
BRDA:79,7,0,0
BRDA:79,7,1,0
BRDA:83,8,0,0
BRDA:83,8,1,0
BRDA:89,9,0,0
BRDA:89,9,1,0
BRDA:97,10,0,0
BRDA:97,10,1,0
BRDA:97,11,0,0
BRDA:97,11,1,0
BRDA:110,12,0,0
BRDA:110,12,1,0
BRDA:111,13,0,0
BRDA:111,13,1,0
BRDA:112,14,0,0
BRDA:112,14,1,0
BRDA:113,15,0,0
BRDA:113,15,1,0
BRDA:114,16,0,0
BRDA:114,16,1,0
BRDA:115,17,0,0
BRDA:115,17,1,0
BRDA:116,18,0,0
BRDA:116,18,1,0
BRDA:117,19,0,0
BRDA:117,19,1,0
BRDA:118,20,0,0
BRDA:118,20,1,0
BRDA:139,21,0,0
BRDA:139,21,1,0
BRDA:141,22,0,0
BRDA:141,22,1,0
BRDA:157,23,0,0
BRDA:157,23,1,0
BRDA:165,24,0,0
BRDA:165,24,1,0
BRDA:167,25,0,0
BRDA:167,25,1,0
BRDA:168,26,0,0
BRDA:168,26,1,0
BRDA:171,27,0,0
BRDA:171,27,1,0
BRDA:175,28,0,0
BRDA:175,28,1,0
BRDA:183,29,0,0
BRDA:183,29,1,0
BRDA:186,30,0,0
BRDA:186,30,1,0
BRDA:204,31,0,0
BRDA:204,31,1,0
BRDA:205,32,0,0
BRDA:205,32,1,0
BRDA:206,33,0,0
BRDA:206,33,1,0
BRDA:215,34,0,0
BRDA:215,34,1,0
BRDA:215,34,2,0
BRDA:222,35,0,0
BRDA:222,35,1,0
BRDA:223,36,0,0
BRDA:223,36,1,0
BRDA:224,37,0,0
BRDA:224,37,1,0
BRDA:232,38,0,0
BRDA:232,38,1,0
BRDA:232,38,2,0
BRDA:237,39,0,0
BRDA:237,39,1,0
BRDA:243,40,0,0
BRDA:243,40,1,0
BRDA:254,41,0,0
BRDA:254,41,1,0
BRDA:254,41,2,0
BRDA:254,41,3,0
BRDA:268,42,0,0
BRDA:268,42,1,0
BRDA:268,42,2,0
BRDA:268,42,3,0
BRDA:277,43,0,0
BRDA:277,43,1,0
BRDA:277,43,2,0
BRDA:282,44,0,0
BRDA:282,44,1,0
BRDA:289,45,0,0
BRDA:289,45,1,0
BRDA:294,46,0,0
BRDA:294,46,1,0
BRDA:312,47,0,0
BRDA:316,48,0,0
BRDA:316,48,1,0
BRF:104
BRH:0
end_of_record
TN:
SF:src\pages\Cameras.jsx
FN:11,Cameras
FN:19,(anonymous_1)
FN:25,(anonymous_2)
FN:28,(anonymous_3)
FN:31,(anonymous_4)
FN:35,(anonymous_5)
FN:41,(anonymous_6)
FN:71,(anonymous_7)
FN:74,(anonymous_8)
FN:92,(anonymous_9)
FN:114,(anonymous_10)
FN:146,(anonymous_11)
FN:186,(anonymous_12)
FN:187,(anonymous_13)
FN:264,(anonymous_14)
FNF:15
FNH:0
FNDA:0,Cameras
FNDA:0,(anonymous_1)
FNDA:0,(anonymous_2)
FNDA:0,(anonymous_3)
FNDA:0,(anonymous_4)
FNDA:0,(anonymous_5)
FNDA:0,(anonymous_6)
FNDA:0,(anonymous_7)
FNDA:0,(anonymous_8)
FNDA:0,(anonymous_9)
FNDA:0,(anonymous_10)
FNDA:0,(anonymous_11)
FNDA:0,(anonymous_12)
FNDA:0,(anonymous_13)
FNDA:0,(anonymous_14)
DA:12,0
DA:13,0
DA:14,0
DA:15,0
DA:16,0
DA:17,0
DA:19,0
DA:20,0
DA:21,0
DA:23,0
DA:26,0
DA:29,0
DA:32,0
DA:35,0
DA:36,0
DA:40,0
DA:42,0
DA:43,0
DA:47,0
DA:72,0
DA:74,0
DA:93,0
DA:115,0
DA:146,0
DA:186,0
DA:188,0
DA:264,0
LF:27
LH:0
BRDA:26,0,0,0
BRDA:26,0,1,0
BRDA:26,1,0,0
BRDA:26,1,1,0
BRDA:29,2,0,0
BRDA:29,2,1,0
BRDA:29,3,0,0
BRDA:29,3,1,0
BRDA:32,4,0,0
BRDA:32,4,1,0
BRDA:40,5,0,0
BRDA:40,5,1,0
BRDA:42,6,0,0
BRDA:42,6,1,0
BRDA:42,7,0,0
BRDA:42,7,1,0
BRDA:42,8,0,0
BRDA:42,8,1,0
BRDA:76,9,0,0
BRDA:76,9,1,0
BRDA:90,10,0,0
BRDA:90,10,1,0
BRDA:96,11,0,0
BRDA:96,11,1,0
BRDA:101,12,0,0
BRDA:101,12,1,0
BRDA:104,13,0,0
BRDA:104,13,1,0
BRDA:122,14,0,0
BRDA:122,14,1,0
BRDA:125,15,0,0
BRDA:125,15,1,0
BRDA:156,16,0,0
BRDA:156,16,1,0
BRDA:164,17,0,0
BRDA:164,17,1,0
BRDA:179,18,0,0
BRDA:179,18,1,0
BRDA:179,18,2,0
BRDA:191,19,0,0
BRDA:191,19,1,0
BRDA:194,20,0,0
BRDA:194,20,1,0
BRDA:212,21,0,0
BRDA:212,21,1,0
BRDA:231,22,0,0
BRDA:231,22,1,0
BRF:47
BRH:0
end_of_record
TN:
SF:src\pages\HelpCenter.jsx
FN:40,HelpCenter
FN:53,(anonymous_1)
FN:58,(anonymous_2)
FN:59,(anonymous_3)
FN:60,(anonymous_4)
FN:63,(anonymous_5)
FN:68,(anonymous_6)
FN:76,(anonymous_7)
FN:87,(anonymous_8)
FN:116,(anonymous_9)
FN:116,(anonymous_10)
FN:163,(anonymous_11)
FN:163,(anonymous_12)
FN:171,(anonymous_13)
FN:177,(anonymous_14)
FN:177,(anonymous_15)
FN:199,(anonymous_16)
FN:199,(anonymous_17)
FN:223,(anonymous_18)
FN:228,(anonymous_19)
FN:245,(anonymous_20)
FN:265,(anonymous_21)
FN:271,(anonymous_22)
FNF:23
FNH:0
FNDA:0,HelpCenter
FNDA:0,(anonymous_1)
FNDA:0,(anonymous_2)
FNDA:0,(anonymous_3)
FNDA:0,(anonymous_4)
FNDA:0,(anonymous_5)
FNDA:0,(anonymous_6)
FNDA:0,(anonymous_7)
FNDA:0,(anonymous_8)
FNDA:0,(anonymous_9)
FNDA:0,(anonymous_10)
FNDA:0,(anonymous_11)
FNDA:0,(anonymous_12)
FNDA:0,(anonymous_13)
FNDA:0,(anonymous_14)
FNDA:0,(anonymous_15)
FNDA:0,(anonymous_16)
FNDA:0,(anonymous_17)
FNDA:0,(anonymous_18)
FNDA:0,(anonymous_19)
FNDA:0,(anonymous_20)
FNDA:0,(anonymous_21)
FNDA:0,(anonymous_22)
DA:13,0
DA:23,0
DA:25,0
DA:41,0
DA:42,0
DA:43,0
DA:44,0
DA:46,0
DA:47,0
DA:48,0
DA:49,0
DA:50,0
DA:51,0
DA:53,0
DA:54,0
DA:55,0
DA:56,0
DA:58,0
DA:59,0
DA:60,0
DA:63,0
DA:64,0
DA:68,0
DA:69,0
DA:70,0
DA:71,0
DA:72,0
DA:73,0
DA:76,0
DA:77,0
DA:78,0
DA:79,0
DA:80,0
DA:81,0
DA:82,0
DA:83,0
DA:84,0
DA:85,0
DA:86,0
DA:87,0
DA:89,0
DA:91,0
DA:95,0
DA:116,0
DA:163,0
DA:172,0
DA:173,0
DA:177,0
DA:199,0
DA:224,0
DA:225,0
DA:228,0
DA:246,0
DA:265,0
DA:272,0
DA:273,0
LF:56
LH:0
BRDA:57,0,0,0
BRDA:57,0,1,0
BRDA:57,1,0,0
BRDA:57,1,1,0
BRDA:58,2,0,0
BRDA:58,2,1,0
BRDA:59,3,0,0
BRDA:59,3,1,0
BRDA:70,4,0,0
BRDA:70,4,1,0
BRDA:71,5,0,0
BRDA:71,5,1,0
BRDA:79,6,0,0
BRDA:79,6,1,0
BRDA:89,7,0,0
BRDA:89,7,1,0
BRDA:114,8,0,0
BRDA:114,8,1,0
BRDA:119,9,0,0
BRDA:119,9,1,0
BRDA:129,10,0,0
BRDA:129,10,1,0
BRDA:147,11,0,0
BRDA:147,11,1,0
BRDA:180,12,0,0
BRDA:180,12,1,0
BRDA:203,13,0,0
BRDA:203,13,1,0
BRDA:209,14,0,0
BRDA:209,14,1,0
BRDA:231,15,0,0
BRDA:231,15,1,0
BRDA:243,16,0,0
BRDA:243,16,1,0
BRDA:252,17,0,0
BRDA:252,17,1,0
BRDA:258,18,0,0
BRDA:258,18,1,0
BRDA:272,19,0,0
BRDA:272,19,1,0
BRDA:285,20,0,0
BRDA:285,20,1,0
BRF:42
BRH:0
end_of_record
TN:
SF:src\pages\Home.jsx
FN:47,Home
FN:53,(anonymous_1)
FN:56,load
FN:75,(anonymous_3)
FN:141,(anonymous_4)
FN:192,(anonymous_5)
FN:253,(anonymous_6)
FN:280,(anonymous_7)
FN:318,(anonymous_8)
FN:359,PhotoGridSkeleton
FN:362,(anonymous_10)
FN:369,EmptyState
FNF:12
FNH:0
FNDA:0,Home
FNDA:0,(anonymous_1)
FNDA:0,load
FNDA:0,(anonymous_3)
FNDA:0,(anonymous_4)
FNDA:0,(anonymous_5)
FNDA:0,(anonymous_6)
FNDA:0,(anonymous_7)
FNDA:0,(anonymous_8)
FNDA:0,PhotoGridSkeleton
FNDA:0,(anonymous_10)
FNDA:0,EmptyState
DA:19,0
DA:24,0
DA:48,0
DA:49,0
DA:50,0
DA:51,0
DA:53,0
DA:54,0
DA:57,0
DA:58,0
DA:62,0
DA:64,0
DA:65,0
DA:66,0
DA:67,0
DA:70,0
DA:74,0
DA:75,0
DA:76,0
DA:80,0
DA:142,0
DA:193,0
DA:254,0
DA:281,0
DA:319,0
DA:360,0
DA:363,0
DA:370,0
LF:28
LH:0
BRDA:62,0,0,0
BRDA:62,0,1,0
BRDA:64,1,0,0
BRDA:64,1,1,0
BRDA:64,2,0,0
BRDA:64,2,1,0
BRDA:65,3,0,0
BRDA:65,3,1,0
BRDA:65,4,0,0
BRDA:65,4,1,0
BRDA:66,5,0,0
BRDA:66,5,1,0
BRDA:66,6,0,0
BRDA:66,6,1,0
BRDA:70,7,0,0
BRDA:70,7,1,0
BRDA:188,8,0,0
BRDA:188,8,1,0
BRDA:190,9,0,0
BRDA:190,9,1,0
BRDA:200,10,0,0
BRDA:200,10,1,0
BRDA:205,11,0,0
BRDA:205,11,1,0
BRDA:206,12,0,0
BRDA:206,12,1,0
BRDA:213,13,0,0
BRDA:213,13,1,0
BRDA:194,14,0,0
BRDA:194,14,1,0
BRDA:224,15,0,0
BRDA:224,15,1,0
BRDA:233,16,0,0
BRDA:233,16,1,0
BRDA:262,17,0,0
BRDA:262,17,1,0
BRDA:265,18,0,0
BRDA:265,18,1,0
BRDA:275,19,0,0
BRDA:275,19,1,0
BRDA:278,20,0,0
BRDA:278,20,1,0
BRDA:278,20,2,0
BRDA:293,21,0,0
BRDA:293,21,1,0
BRDA:255,22,0,0
BRDA:255,22,1,0
BRF:47
BRH:0
end_of_record
TN:
SF:src\pages\MyBookings.jsx
FN:37,(anonymous_0)
FN:51,(anonymous_1)
FN:57,MyBookings
FN:75,(anonymous_3)
FN:80,(anonymous_4)
FN:81,(anonymous_5)
FN:82,(anonymous_6)
FN:83,(anonymous_7)
FN:87,(anonymous_8)
FN:88,(anonymous_9)
FN:89,(anonymous_10)
FN:92,(anonymous_11)
FN:99,(anonymous_12)
FN:103,(anonymous_13)
FN:104,(anonymous_14)
FN:113,(anonymous_15)
FN:119,(anonymous_16)
FN:128,(anonymous_17)
FN:129,(anonymous_18)
FN:139,(anonymous_19)
FN:144,(anonymous_20)
FN:144,(anonymous_21)
FN:153,(anonymous_22)
FN:161,(anonymous_23)
FN:168,(anonymous_24)
FN:178,(anonymous_25)
FN:179,(anonymous_26)
FN:242,(anonymous_27)
FN:266,(anonymous_28)
FN:282,(anonymous_29)
FN:342,(anonymous_30)
FN:368,(anonymous_31)
FN:380,(anonymous_32)
FN:389,(anonymous_33)
FN:429,(anonymous_34)
FN:463,(anonymous_35)
FN:467,(anonymous_36)
FN:486,(anonymous_37)
FN:515,Detail
FNF:39
FNH:0
FNDA:0,(anonymous_0)
FNDA:0,(anonymous_1)
FNDA:0,MyBookings
FNDA:0,(anonymous_3)
FNDA:0,(anonymous_4)
FNDA:0,(anonymous_5)
FNDA:0,(anonymous_6)
FNDA:0,(anonymous_7)
FNDA:0,(anonymous_8)
FNDA:0,(anonymous_9)
FNDA:0,(anonymous_10)
FNDA:0,(anonymous_11)
FNDA:0,(anonymous_12)
FNDA:0,(anonymous_13)
FNDA:0,(anonymous_14)
FNDA:0,(anonymous_15)
FNDA:0,(anonymous_16)
FNDA:0,(anonymous_17)
FNDA:0,(anonymous_18)
FNDA:0,(anonymous_19)
FNDA:0,(anonymous_20)
FNDA:0,(anonymous_21)
FNDA:0,(anonymous_22)
FNDA:0,(anonymous_23)
FNDA:0,(anonymous_24)
FNDA:0,(anonymous_25)
FNDA:0,(anonymous_26)
FNDA:0,(anonymous_27)
FNDA:0,(anonymous_28)
FNDA:0,(anonymous_29)
FNDA:0,(anonymous_30)
FNDA:0,(anonymous_31)
FNDA:0,(anonymous_32)
FNDA:0,(anonymous_33)
FNDA:0,(anonymous_34)
FNDA:0,(anonymous_35)
FNDA:0,(anonymous_36)
FNDA:0,(anonymous_37)
FNDA:0,Detail
DA:28,0
DA:37,0
DA:38,0
DA:40,0
DA:51,0
DA:52,0
DA:53,0
DA:54,0
DA:58,0
DA:59,0
DA:60,0
DA:61,0
DA:62,0
DA:63,0
DA:64,0
DA:65,0
DA:68,0
DA:69,0
DA:70,0
DA:71,0
DA:72,0
DA:75,0
DA:76,0
DA:77,0
DA:78,0
DA:80,0
DA:81,0
DA:82,0
DA:83,0
DA:87,0
DA:88,0
DA:89,0
DA:90,0
DA:91,0
DA:92,0
DA:93,0
DA:94,0
DA:99,0
DA:100,0
DA:103,0
DA:104,0
DA:105,0
DA:112,0
DA:113,0
DA:116,0
DA:119,0
DA:120,0
DA:121,0
DA:122,0
DA:123,0
DA:128,0
DA:129,0
DA:132,0
DA:134,0
DA:139,0
DA:140,0
DA:141,0
DA:142,0
DA:143,0
DA:144,0
DA:146,0
DA:148,0
DA:153,0
DA:154,0
DA:155,0
DA:156,0
DA:157,0
DA:158,0
DA:161,0
DA:162,0
DA:163,0
DA:164,0
DA:165,0
DA:168,0
DA:169,0
DA:170,0
DA:171,0
DA:172,0
DA:173,0
DA:178,0
DA:179,0
DA:180,0
DA:185,0
DA:187,0
DA:189,0
DA:193,0
DA:243,0
DA:267,0
DA:268,0
DA:269,0
DA:270,0
DA:271,0
DA:272,0
DA:276,0
DA:281,0
DA:282,0
DA:285,0
DA:342,0
DA:368,0
DA:380,0
DA:389,0
DA:430,0
DA:464,0
DA:467,0
DA:486,0
DA:516,0
LF:106
LH:0
BRDA:38,0,0,0
BRDA:38,0,1,0
BRDA:51,1,0,0
BRDA:52,2,0,0
BRDA:52,2,1,0
BRDA:53,3,0,0
BRDA:53,3,1,0
BRDA:54,4,0,0
BRDA:54,4,1,0
BRDA:80,5,0,0
BRDA:80,5,1,0
BRDA:80,6,0,0
BRDA:80,6,1,0
BRDA:81,7,0,0
BRDA:81,7,1,0
BRDA:81,8,0,0
BRDA:81,8,1,0
BRDA:82,9,0,0
BRDA:82,9,1,0
BRDA:105,10,0,0
BRDA:105,10,1,0
BRDA:105,11,0,0
BRDA:105,11,1,0
BRDA:120,12,0,0
BRDA:120,12,1,0
BRDA:129,13,0,0
BRDA:129,13,1,0
BRDA:132,14,0,0
BRDA:132,14,1,0
BRDA:140,15,0,0
BRDA:140,15,1,0
BRDA:146,16,0,0
BRDA:146,16,1,0
BRDA:169,17,0,0
BRDA:169,17,1,0
BRDA:169,18,0,0
BRDA:169,18,1,0
BRDA:180,19,0,0
BRDA:180,19,1,0
BRDA:181,20,0,0
BRDA:181,20,1,0
BRDA:187,21,0,0
BRDA:187,21,1,0
BRDA:207,22,0,0
BRDA:207,22,1,0
BRDA:211,23,0,0
BRDA:211,23,1,0
BRDA:220,24,0,0
BRDA:220,24,1,0
BRDA:240,25,0,0
BRDA:240,25,1,0
BRDA:249,26,0,0
BRDA:249,26,1,0
BRDA:255,27,0,0
BRDA:255,27,1,0
BRDA:267,28,0,0
BRDA:267,28,1,0
BRDA:276,29,0,0
BRDA:276,29,1,0
BRDA:277,30,0,0
BRDA:277,30,1,0
BRDA:278,31,0,0
BRDA:278,31,1,0
BRDA:281,32,0,0
BRDA:281,32,1,0
BRDA:282,33,0,0
BRDA:282,33,1,0
BRDA:283,34,0,0
BRDA:283,34,1,0
BRDA:298,35,0,0
BRDA:298,35,1,0
BRDA:324,36,0,0
BRDA:324,36,1,0
BRDA:335,37,0,0
BRDA:335,37,1,0
BRDA:342,38,0,0
BRDA:342,38,1,0
BRDA:345,39,0,0
BRDA:345,39,1,0
BRDA:346,40,0,0
BRDA:346,40,1,0
BRDA:355,41,0,0
BRDA:355,41,1,0
BRDA:365,42,0,0
BRDA:365,42,1,0
BRDA:373,43,0,0
BRDA:373,43,1,0
BRDA:376,44,0,0
BRDA:376,44,1,0
BRDA:376,44,2,0
BRDA:386,45,0,0
BRDA:386,45,1,0
BRDA:394,46,0,0
BRDA:394,46,1,0
BRDA:402,47,0,0
BRDA:402,47,1,0
BRDA:411,48,0,0
BRDA:411,48,1,0
BRDA:414,49,0,0
BRDA:414,49,1,0
BRDA:414,49,2,0
BRDA:417,50,0,0
BRDA:417,50,1,0
BRDA:417,50,2,0
BRDA:420,51,0,0
BRDA:420,51,1,0
BRDA:420,51,2,0
BRDA:423,52,0,0
BRDA:423,52,1,0
BRDA:426,53,0,0
BRDA:426,53,1,0
BRDA:438,54,0,0
BRDA:438,54,1,0
BRDA:443,55,0,0
BRDA:443,55,1,0
BRDA:451,56,0,0
BRDA:451,56,1,0
BRDA:459,57,0,0
BRDA:459,57,1,0
BRDA:470,58,0,0
BRDA:470,58,1,0
BRDA:479,59,0,0
BRDA:479,59,1,0
BRDA:487,60,0,0
BRDA:487,60,1,0
BRDA:487,60,2,0
BRDA:489,61,0,0
BRDA:489,61,1,0
BRDA:515,62,0,0
BRDA:519,63,0,0
BRDA:519,63,1,0
BRF:131
BRH:0
end_of_record
TN:
SF:src\pages\NotFound.jsx
FN:10,NotFound
FNF:1
FNH:0
FNDA:0,NotFound
DA:11,0
LF:1
LH:0
BRF:0
BRH:0
end_of_record
TN:
SF:src\pages\Packages.jsx
FN:20,Packages
FN:31,(anonymous_1)
FN:40,(anonymous_2)
FN:45,(anonymous_3)
FN:50,(anonymous_4)
FN:56,(anonymous_5)
FN:65,(anonymous_6)
FN:106,(anonymous_7)
FN:111,(anonymous_8)
FN:130,(anonymous_9)
FN:156,(anonymous_10)
FN:178,(anonymous_11)
FN:191,(anonymous_12)
FN:244,(anonymous_13)
FNF:14
FNH:0
FNDA:0,Packages
FNDA:0,(anonymous_1)
FNDA:0,(anonymous_2)
FNDA:0,(anonymous_3)
FNDA:0,(anonymous_4)
FNDA:0,(anonymous_5)
FNDA:0,(anonymous_6)
FNDA:0,(anonymous_7)
FNDA:0,(anonymous_8)
FNDA:0,(anonymous_9)
FNDA:0,(anonymous_10)
FNDA:0,(anonymous_11)
FNDA:0,(anonymous_12)
FNDA:0,(anonymous_13)
DA:12,0
DA:21,0
DA:22,0
DA:24,0
DA:25,0
DA:26,0
DA:27,0
DA:28,0
DA:29,0
DA:31,0
DA:32,0
DA:33,0
DA:35,0
DA:39,0
DA:41,0
DA:42,0
DA:46,0
DA:47,0
DA:51,0
DA:52,0
DA:56,0
DA:57,0
DA:64,0
DA:66,0
DA:67,0
DA:71,0
DA:107,0
DA:108,0
DA:111,0
DA:131,0
DA:157,0
DA:178,0
DA:192,0
DA:244,0
LF:34
LH:0
BRDA:22,0,0,0
BRDA:22,0,1,0
BRDA:35,1,0,0
BRDA:35,1,1,0
BRDA:41,2,0,0
BRDA:41,2,1,0
BRDA:42,3,0,0
BRDA:42,3,1,0
BRDA:46,4,0,0
BRDA:46,4,1,0
BRDA:47,5,0,0
BRDA:47,5,1,0
BRDA:51,6,0,0
BRDA:51,6,1,0
BRDA:64,7,0,0
BRDA:64,7,1,0
BRDA:66,8,0,0
BRDA:66,8,1,0
BRDA:66,9,0,0
BRDA:66,9,1,0
BRDA:75,10,0,0
BRDA:75,10,1,0
BRDA:114,11,0,0
BRDA:114,11,1,0
BRDA:128,12,0,0
BRDA:128,12,1,0
BRDA:134,13,0,0
BRDA:134,13,1,0
BRDA:139,14,0,0
BRDA:139,14,1,0
BRDA:142,15,0,0
BRDA:142,15,1,0
BRDA:145,16,0,0
BRDA:145,16,1,0
BRDA:161,17,0,0
BRDA:161,17,1,0
BRDA:164,18,0,0
BRDA:164,18,1,0
BRDA:184,19,0,0
BRDA:184,19,1,0
BRDA:188,20,0,0
BRDA:188,20,1,0
BRDA:188,20,2,0
BRDA:205,21,0,0
BRDA:205,21,1,0
BRDA:212,22,0,0
BRDA:212,22,1,0
BRDA:150,23,0,0
BRDA:150,23,1,0
BRF:49
BRH:0
end_of_record
TN:
SF:src\pages\Pay.jsx
FN:27,Pay
FN:34,(anonymous_1)
FN:41,(anonymous_2)
FN:42,(anonymous_3)
FN:43,(anonymous_4)
FN:45,(anonymous_5)
FN:92,(anonymous_6)
FNF:7
FNH:0
FNDA:0,Pay
FNDA:0,(anonymous_1)
FNDA:0,(anonymous_2)
FNDA:0,(anonymous_3)
FNDA:0,(anonymous_4)
FNDA:0,(anonymous_5)
FNDA:0,(anonymous_6)
DA:8,0
DA:28,0
DA:30,0
DA:31,0
DA:32,0
DA:34,0
DA:35,0
DA:36,0
DA:37,0
DA:39,0
DA:41,0
DA:42,0
DA:43,0
DA:45,0
DA:48,0
DA:49,0
DA:56,0
DA:57,0
DA:70,0
DA:71,0
DA:86,0
DA:91,0
DA:92,0
DA:95,0
LF:24
LH:0
BRDA:41,0,0,0
BRDA:41,0,1,0
BRDA:42,1,0,0
BRDA:42,1,1,0
BRDA:42,2,0,0
BRDA:42,2,1,0
BRDA:43,3,0,0
BRDA:43,3,1,0
BRDA:48,4,0,0
BRDA:48,4,1,0
BRDA:56,5,0,0
BRDA:56,5,1,0
BRDA:56,6,0,0
BRDA:56,6,1,0
BRDA:70,7,0,0
BRDA:70,7,1,0
BRDA:75,8,0,0
BRDA:75,8,1,0
BRDA:86,9,0,0
BRDA:86,9,1,0
BRDA:87,10,0,0
BRDA:87,10,1,0
BRDA:88,11,0,0
BRDA:88,11,1,0
BRDA:91,12,0,0
BRDA:91,12,1,0
BRDA:92,13,0,0
BRDA:92,13,1,0
BRDA:93,14,0,0
BRDA:93,14,1,0
BRF:30
BRH:0
end_of_record
TN:
SF:src\pages\Portfolio.jsx
FN:17,Portfolio
FN:25,(anonymous_1)
FN:35,(anonymous_2)
FN:40,(anonymous_3)
FN:45,(anonymous_4)
FN:51,(anonymous_5)
FN:60,(anonymous_6)
FN:68,(anonymous_7)
FN:70,(anonymous_8)
FN:73,(anonymous_9)
FN:75,(anonymous_10)
FN:78,(anonymous_11)
FN:79,(anonymous_12)
FN:87,(anonymous_13)
FN:110,(anonymous_14)
FN:115,(anonymous_15)
FN:146,(anonymous_16)
FN:150,(anonymous_17)
FN:197,(anonymous_18)
FN:202,(anonymous_19)
FN:213,(anonymous_20)
FN:223,(anonymous_21)
FN:244,(anonymous_22)
FN:274,GridSkeleton
FN:277,(anonymous_24)
FN:284,ErrorState
FN:293,EmptyState
FNF:27
FNH:0
FNDA:0,Portfolio
FNDA:0,(anonymous_1)
FNDA:0,(anonymous_2)
FNDA:0,(anonymous_3)
FNDA:0,(anonymous_4)
FNDA:0,(anonymous_5)
FNDA:0,(anonymous_6)
FNDA:0,(anonymous_7)
FNDA:0,(anonymous_8)
FNDA:0,(anonymous_9)
FNDA:0,(anonymous_10)
FNDA:0,(anonymous_11)
FNDA:0,(anonymous_12)
FNDA:0,(anonymous_13)
FNDA:0,(anonymous_14)
FNDA:0,(anonymous_15)
FNDA:0,(anonymous_16)
FNDA:0,(anonymous_17)
FNDA:0,(anonymous_18)
FNDA:0,(anonymous_19)
FNDA:0,(anonymous_20)
FNDA:0,(anonymous_21)
FNDA:0,(anonymous_22)
FNDA:0,GridSkeleton
FNDA:0,(anonymous_24)
FNDA:0,ErrorState
FNDA:0,EmptyState
DA:8,0
DA:18,0
DA:19,0
DA:20,0
DA:21,0
DA:22,0
DA:23,0
DA:25,0
DA:26,0
DA:27,0
DA:28,0
DA:30,0
DA:34,0
DA:36,0
DA:37,0
DA:41,0
DA:42,0
DA:46,0
DA:47,0
DA:51,0
DA:52,0
DA:59,0
DA:61,0
DA:62,0
DA:66,0
DA:68,0
DA:69,0
DA:70,0
DA:73,0
DA:74,0
DA:75,0
DA:78,0
DA:79,0
DA:80,0
DA:81,0
DA:82,0
DA:83,0
DA:86,0
DA:87,0
DA:90,0
DA:111,0
DA:112,0
DA:115,0
DA:147,0
DA:150,0
DA:197,0
DA:202,0
DA:214,0
DA:215,0
DA:224,0
DA:225,0
DA:244,0
DA:275,0
DA:278,0
DA:285,0
DA:294,0
LF:56
LH:0
BRDA:30,0,0,0
BRDA:30,0,1,0
BRDA:36,1,0,0
BRDA:36,1,1,0
BRDA:37,2,0,0
BRDA:37,2,1,0
BRDA:41,3,0,0
BRDA:41,3,1,0
BRDA:42,4,0,0
BRDA:42,4,1,0
BRDA:46,5,0,0
BRDA:46,5,1,0
BRDA:59,6,0,0
BRDA:59,6,1,0
BRDA:61,7,0,0
BRDA:61,7,1,0
BRDA:61,8,0,0
BRDA:61,8,1,0
BRDA:61,9,0,0
BRDA:61,9,1,0
BRDA:66,10,0,0
BRDA:66,10,1,0
BRDA:69,11,0,0
BRDA:69,11,1,0
BRDA:70,12,0,0
BRDA:70,12,1,0
BRDA:74,13,0,0
BRDA:74,13,1,0
BRDA:75,14,0,0
BRDA:75,14,1,0
BRDA:80,15,0,0
BRDA:80,15,1,0
BRDA:81,16,0,0
BRDA:81,16,1,0
BRDA:82,17,0,0
BRDA:82,17,1,0
BRDA:83,18,0,0
BRDA:83,18,1,0
BRDA:118,19,0,0
BRDA:118,19,1,0
BRDA:132,20,0,0
BRDA:132,20,1,0
BRDA:134,21,0,0
BRDA:134,21,1,0
BRDA:136,22,0,0
BRDA:136,22,1,0
BRDA:163,23,0,0
BRDA:163,23,1,0
BRDA:164,24,0,0
BRDA:164,24,1,0
BRDA:178,25,0,0
BRDA:178,25,1,0
BRDA:148,26,0,0
BRDA:148,26,1,0
BRDA:148,26,2,0
BRDA:140,27,0,0
BRDA:140,27,1,0
BRDA:191,28,0,0
BRDA:191,28,1,0
BRDA:209,29,0,0
BRDA:209,29,1,0
BRDA:241,30,0,0
BRDA:241,30,1,0
BRDA:242,31,0,0
BRDA:242,31,1,0
BRDA:236,32,0,0
BRDA:236,32,1,0
BRDA:248,33,0,0
BRDA:248,33,1,0
BRDA:253,34,0,0
BRDA:253,34,1,0
BRDA:293,35,0,0
BRDA:297,36,0,0
BRDA:297,36,1,0
BRDA:299,37,0,0
BRDA:299,37,1,0
BRDA:304,38,0,0
BRDA:304,38,1,0
BRF:78
BRH:0
end_of_record
TN:
SF:src\pages\QueryDetail.jsx
FN:18,(anonymous_0)
FN:27,QueryDetail
FN:37,(anonymous_2)
FN:44,(anonymous_3)
FN:45,(anonymous_4)
FN:46,(anonymous_5)
FN:48,(anonymous_6)
FN:51,(anonymous_7)
FN:56,(anonymous_8)
FN:64,(anonymous_9)
FN:70,(anonymous_10)
FN:168,(anonymous_11)
FN:177,(anonymous_12)
FN:233,(anonymous_13)
FNF:14
FNH:0
FNDA:0,(anonymous_0)
FNDA:0,QueryDetail
FNDA:0,(anonymous_2)
FNDA:0,(anonymous_3)
FNDA:0,(anonymous_4)
FNDA:0,(anonymous_5)
FNDA:0,(anonymous_6)
FNDA:0,(anonymous_7)
FNDA:0,(anonymous_8)
FNDA:0,(anonymous_9)
FNDA:0,(anonymous_10)
FNDA:0,(anonymous_11)
FNDA:0,(anonymous_12)
FNDA:0,(anonymous_13)
DA:11,0
DA:18,0
DA:19,0
DA:28,0
DA:30,0
DA:31,0
DA:32,0
DA:33,0
DA:34,0
DA:35,0
DA:37,0
DA:38,0
DA:39,0
DA:40,0
DA:42,0
DA:44,0
DA:45,0
DA:46,0
DA:48,0
DA:51,0
DA:52,0
DA:53,0
DA:54,0
DA:55,0
DA:56,0
DA:58,0
DA:60,0
DA:64,0
DA:65,0
DA:66,0
DA:67,0
DA:68,0
DA:69,0
DA:70,0
DA:72,0
DA:74,0
DA:78,0
DA:79,0
DA:86,0
DA:87,0
DA:99,0
DA:100,0
DA:101,0
DA:103,0
DA:168,0
DA:177,0
DA:234,0
LF:47
LH:0
BRDA:19,0,0,0
BRDA:19,0,1,0
BRDA:44,1,0,0
BRDA:44,1,1,0
BRDA:45,2,0,0
BRDA:45,2,1,0
BRDA:45,3,0,0
BRDA:45,3,1,0
BRDA:46,4,0,0
BRDA:46,4,1,0
BRDA:58,5,0,0
BRDA:58,5,1,0
BRDA:65,6,0,0
BRDA:65,6,1,0
BRDA:72,7,0,0
BRDA:72,7,1,0
BRDA:78,8,0,0
BRDA:78,8,1,0
BRDA:86,9,0,0
BRDA:86,9,1,0
BRDA:86,10,0,0
BRDA:86,10,1,0
BRDA:99,11,0,0
BRDA:99,11,1,0
BRDA:101,12,0,0
BRDA:101,12,1,0
BRDA:133,13,0,0
BRDA:133,13,1,0
BRDA:144,14,0,0
BRDA:144,14,1,0
BRDA:158,15,0,0
BRDA:158,15,1,0
BRDA:161,16,0,0
BRDA:161,16,1,0
BRDA:188,17,0,0
BRDA:188,17,1,0
BRDA:208,18,0,0
BRDA:208,18,1,0
BRDA:226,19,0,0
BRDA:226,19,1,0
BRDA:235,20,0,0
BRDA:235,20,1,0
BRDA:243,21,0,0
BRDA:243,21,1,0
BRDA:248,22,0,0
BRDA:248,22,1,0
BRDA:256,23,0,0
BRDA:256,23,1,0
BRF:48
BRH:0
end_of_record
TN:
SF:src\pages\admin\AdminAvailability.jsx
FN:27,AdminAvailability
FN:28,(anonymous_1)
FN:52,(anonymous_2)
FN:57,(anonymous_3)
FN:61,(anonymous_4)
FN:62,(anonymous_5)
FN:65,(anonymous_6)
FN:69,(anonymous_7)
FN:70,(anonymous_8)
FN:71,(anonymous_9)
FN:74,(anonymous_10)
FN:75,(anonymous_11)
FN:77,(anonymous_12)
FN:78,(anonymous_13)
FN:81,(anonymous_14)
FN:93,(anonymous_15)
FN:110,(anonymous_16)
FN:144,(anonymous_17)
FN:148,(anonymous_18)
FN:160,(anonymous_19)
FN:178,(anonymous_20)
FN:186,(anonymous_21)
FN:194,(anonymous_22)
FN:198,(anonymous_23)
FN:210,(anonymous_24)
FN:263,(anonymous_25)
FN:278,(anonymous_26)
FN:296,(anonymous_27)
FN:305,(anonymous_28)
FN:311,(anonymous_29)
FN:321,(anonymous_30)
FNF:31
FNH:0
FNDA:0,AdminAvailability
FNDA:0,(anonymous_1)
FNDA:0,(anonymous_2)
FNDA:0,(anonymous_3)
FNDA:0,(anonymous_4)
FNDA:0,(anonymous_5)
FNDA:0,(anonymous_6)
FNDA:0,(anonymous_7)
FNDA:0,(anonymous_8)
FNDA:0,(anonymous_9)
FNDA:0,(anonymous_10)
FNDA:0,(anonymous_11)
FNDA:0,(anonymous_12)
FNDA:0,(anonymous_13)
FNDA:0,(anonymous_14)
FNDA:0,(anonymous_15)
FNDA:0,(anonymous_16)
FNDA:0,(anonymous_17)
FNDA:0,(anonymous_18)
FNDA:0,(anonymous_19)
FNDA:0,(anonymous_20)
FNDA:0,(anonymous_21)
FNDA:0,(anonymous_22)
FNDA:0,(anonymous_23)
FNDA:0,(anonymous_24)
FNDA:0,(anonymous_25)
FNDA:0,(anonymous_26)
FNDA:0,(anonymous_27)
FNDA:0,(anonymous_28)
FNDA:0,(anonymous_29)
FNDA:0,(anonymous_30)
DA:28,0
DA:29,0
DA:30,0
DA:32,0
DA:34,0
DA:35,0
DA:36,0
DA:37,0
DA:38,0
DA:40,0
DA:41,0
DA:43,0
DA:44,0
DA:45,0
DA:46,0
DA:47,0
DA:49,0
DA:50,0
DA:52,0
DA:53,0
DA:54,0
DA:55,0
DA:58,0
DA:59,0
DA:61,0
DA:62,0
DA:65,0
DA:66,0
DA:67,0
DA:69,0
DA:70,0
DA:71,0
DA:74,0
DA:75,0
DA:77,0
DA:78,0
DA:81,0
DA:82,0
DA:83,0
DA:84,0
DA:85,0
DA:87,0
DA:88,0
DA:89,0
DA:90,0
DA:93,0
DA:94,0
DA:95,0
DA:96,0
DA:97,0
DA:98,0
DA:99,0
DA:100,0
DA:101,0
DA:102,0
DA:104,0
DA:106,0
DA:110,0
DA:111,0
DA:112,0
DA:113,0
DA:114,0
DA:115,0
DA:121,0
DA:122,0
DA:124,0
DA:126,0
DA:130,0
DA:131,0
DA:133,0
DA:145,0
DA:148,0
DA:160,0
DA:179,0
DA:187,0
DA:195,0
DA:199,0
DA:200,0
DA:201,0
DA:202,0
DA:203,0
DA:204,0
DA:206,0
DA:210,0
DA:264,0
DA:265,0
DA:278,0
DA:296,0
DA:305,0
DA:311,0
DA:321,0
LF:91
LH:0
BRDA:58,0,0,0
BRDA:58,0,1,0
BRDA:59,1,0,0
BRDA:59,1,1,0
BRDA:61,2,0,0
BRDA:61,2,1,0
BRDA:69,3,0,0
BRDA:69,3,1,0
BRDA:82,4,0,0
BRDA:82,4,1,0
BRDA:82,5,0,0
BRDA:82,5,1,0
BRDA:82,5,2,0
BRDA:83,6,0,0
BRDA:83,6,1,0
BRDA:95,7,0,0
BRDA:95,7,1,0
BRDA:104,8,0,0
BRDA:104,8,1,0
BRDA:116,9,0,0
BRDA:116,9,1,0
BRDA:117,10,0,0
BRDA:117,10,1,0
BRDA:117,11,0,0
BRDA:117,11,1,0
BRDA:124,12,0,0
BRDA:124,12,1,0
BRDA:130,13,0,0
BRDA:130,13,1,0
BRDA:151,14,0,0
BRDA:151,14,1,0
BRDA:171,15,0,0
BRDA:171,15,1,0
BRDA:171,16,0,0
BRDA:171,16,1,0
BRDA:184,17,0,0
BRDA:184,17,1,0
BRDA:190,18,0,0
BRDA:190,18,1,0
BRDA:200,19,0,0
BRDA:200,19,1,0
BRDA:204,20,0,0
BRDA:204,20,1,0
BRDA:204,20,2,0
BRDA:213,21,0,0
BRDA:213,21,1,0
BRDA:214,22,0,0
BRDA:214,22,1,0
BRDA:215,23,0,0
BRDA:215,23,1,0
BRDA:215,24,0,0
BRDA:215,24,1,0
BRDA:220,25,0,0
BRDA:220,25,1,0
BRDA:221,26,0,0
BRDA:221,26,1,0
BRDA:221,26,2,0
BRDA:222,27,0,0
BRDA:222,27,1,0
BRDA:222,27,2,0
BRDA:223,28,0,0
BRDA:223,28,1,0
BRDA:223,28,2,0
BRDA:223,28,3,0
BRDA:226,29,0,0
BRDA:226,29,1,0
BRDA:231,30,0,0
BRDA:231,30,1,0
BRDA:254,31,0,0
BRDA:254,31,1,0
BRDA:258,32,0,0
BRDA:258,32,1,0
BRDA:271,33,0,0
BRDA:271,33,1,0
BRDA:274,34,0,0
BRDA:274,34,1,0
BRDA:283,35,0,0
BRDA:283,35,1,0
BRDA:296,36,0,0
BRDA:296,36,1,0
BRDA:328,37,0,0
BRDA:328,37,1,0
BRF:82
BRH:0
end_of_record
TN:
SF:src\pages\admin\AdminBookings.jsx
FN:17,(anonymous_0)
FN:53,AdminBookings
FN:75,(anonymous_2)
FN:77,(anonymous_3)
FN:81,(anonymous_4)
FN:85,(anonymous_5)
FN:87,(anonymous_6)
FN:100,(anonymous_7)
FN:104,(anonymous_8)
FN:105,(anonymous_9)
FN:108,(anonymous_10)
FN:110,(anonymous_11)
FN:122,(anonymous_12)
FN:129,(anonymous_13)
FN:130,(anonymous_14)
FN:137,(anonymous_15)
FN:141,(anonymous_16)
FN:146,(anonymous_17)
FN:147,(anonymous_18)
FN:154,(anonymous_19)
FN:158,(anonymous_20)
FN:163,(anonymous_21)
FN:163,(anonymous_22)
FN:164,(anonymous_23)
FN:170,(anonymous_24)
FN:185,(anonymous_25)
FN:194,(anonymous_26)
FN:203,(anonymous_27)
FN:206,(anonymous_28)
FN:213,(anonymous_29)
FN:216,(anonymous_30)
FN:227,(anonymous_31)
FN:234,(anonymous_32)
FN:267,(anonymous_33)
FN:314,(anonymous_34)
FN:332,(anonymous_35)
FN:349,(anonymous_36)
FN:376,(anonymous_37)
FN:376,(anonymous_38)
FN:384,(anonymous_39)
FN:384,(anonymous_40)
FNF:41
FNH:0
FNDA:0,(anonymous_0)
FNDA:0,AdminBookings
FNDA:0,(anonymous_2)
FNDA:0,(anonymous_3)
FNDA:0,(anonymous_4)
FNDA:0,(anonymous_5)
FNDA:0,(anonymous_6)
FNDA:0,(anonymous_7)
FNDA:0,(anonymous_8)
FNDA:0,(anonymous_9)
FNDA:0,(anonymous_10)
FNDA:0,(anonymous_11)
FNDA:0,(anonymous_12)
FNDA:0,(anonymous_13)
FNDA:0,(anonymous_14)
FNDA:0,(anonymous_15)
FNDA:0,(anonymous_16)
FNDA:0,(anonymous_17)
FNDA:0,(anonymous_18)
FNDA:0,(anonymous_19)
FNDA:0,(anonymous_20)
FNDA:0,(anonymous_21)
FNDA:0,(anonymous_22)
FNDA:0,(anonymous_23)
FNDA:0,(anonymous_24)
FNDA:0,(anonymous_25)
FNDA:0,(anonymous_26)
FNDA:0,(anonymous_27)
FNDA:0,(anonymous_28)
FNDA:0,(anonymous_29)
FNDA:0,(anonymous_30)
FNDA:0,(anonymous_31)
FNDA:0,(anonymous_32)
FNDA:0,(anonymous_33)
FNDA:0,(anonymous_34)
FNDA:0,(anonymous_35)
FNDA:0,(anonymous_36)
FNDA:0,(anonymous_37)
FNDA:0,(anonymous_38)
FNDA:0,(anonymous_39)
FNDA:0,(anonymous_40)
DA:17,0
DA:18,0
DA:24,0
DA:27,0
DA:28,0
DA:33,0
DA:40,0
DA:43,0
DA:54,0
DA:55,0
DA:56,0
DA:57,0
DA:58,0
DA:60,0
DA:61,0
DA:62,0
DA:63,0
DA:64,0
DA:65,0
DA:66,0
DA:68,0
DA:69,0
DA:70,0
DA:72,0
DA:75,0
DA:76,0
DA:77,0
DA:78,0
DA:79,0
DA:81,0
DA:85,0
DA:87,0
DA:88,0
DA:89,0
DA:90,0
DA:101,0
DA:102,0
DA:104,0
DA:105,0
DA:108,0
DA:110,0
DA:111,0
DA:112,0
DA:113,0
DA:114,0
DA:115,0
DA:116,0
DA:117,0
DA:120,0
DA:122,0
DA:123,0
DA:124,0
DA:125,0
DA:129,0
DA:130,0
DA:132,0
DA:134,0
DA:136,0
DA:137,0
DA:141,0
DA:142,0
DA:143,0
DA:144,0
DA:145,0
DA:146,0
DA:147,0
DA:149,0
DA:151,0
DA:153,0
DA:154,0
DA:158,0
DA:159,0
DA:160,0
DA:161,0
DA:162,0
DA:163,0
DA:164,0
DA:165,0
DA:167,0
DA:169,0
DA:170,0
DA:174,0
DA:185,0
DA:194,0
DA:203,0
DA:207,0
DA:213,0
DA:217,0
DA:227,0
DA:234,0
DA:268,0
DA:269,0
DA:270,0
DA:271,0
DA:272,0
DA:273,0
DA:275,0
DA:314,0
DA:332,0
DA:349,0
DA:376,0
DA:384,0
LF:102
LH:0
BRDA:22,0,0,0
BRDA:22,0,1,0
BRDA:92,1,0,0
BRDA:92,1,1,0
BRDA:93,2,0,0
BRDA:93,2,1,0
BRDA:94,3,0,0
BRDA:94,3,1,0
BRDA:95,4,0,0
BRDA:95,4,1,0
BRDA:96,5,0,0
BRDA:96,5,1,0
BRDA:101,6,0,0
BRDA:101,6,1,0
BRDA:102,7,0,0
BRDA:102,7,1,0
BRDA:104,8,0,0
BRDA:104,8,1,0
BRDA:120,9,0,0
BRDA:120,9,1,0
BRDA:120,9,2,0
BRDA:120,9,3,0
BRDA:120,9,4,0
BRDA:130,10,0,0
BRDA:130,10,1,0
BRDA:134,11,0,0
BRDA:134,11,1,0
BRDA:142,12,0,0
BRDA:142,12,1,0
BRDA:147,13,0,0
BRDA:147,13,1,0
BRDA:151,14,0,0
BRDA:151,14,1,0
BRDA:159,15,0,0
BRDA:159,15,1,0
BRDA:164,16,0,0
BRDA:164,16,1,0
BRDA:167,17,0,0
BRDA:167,17,1,0
BRDA:178,18,0,0
BRDA:178,18,1,0
BRDA:185,19,0,0
BRDA:185,19,1,0
BRDA:207,20,0,0
BRDA:207,20,1,0
BRDA:218,21,0,0
BRDA:218,21,1,0
BRDA:218,22,0,0
BRDA:218,22,1,0
BRDA:239,23,0,0
BRDA:239,23,1,0
BRDA:253,24,0,0
BRDA:253,24,1,0
BRDA:255,25,0,0
BRDA:255,25,1,0
BRDA:257,26,0,0
BRDA:257,26,1,0
BRDA:262,27,0,0
BRDA:262,27,1,0
BRDA:278,28,0,0
BRDA:278,28,1,0
BRDA:309,29,0,0
BRDA:309,29,1,0
BRDA:317,30,0,0
BRDA:317,30,1,0
BRDA:326,31,0,0
BRDA:326,31,1,0
BRDA:335,32,0,0
BRDA:335,32,1,0
BRDA:343,33,0,0
BRDA:343,33,1,0
BRDA:352,34,0,0
BRDA:352,34,1,0
BRDA:368,35,0,0
BRDA:368,35,1,0
BRDA:368,35,2,0
BRF:76
BRH:0
end_of_record
TN:
SF:src\pages\admin\AdminCameras.jsx
FN:22,(anonymous_0)
FN:53,(anonymous_1)
FN:83,CameraModal
FN:92,(anonymous_3)
FN:101,(anonymous_4)
FN:101,(anonymous_5)
FN:102,(anonymous_6)
FN:107,(anonymous_7)
FN:108,(anonymous_8)
FN:110,(anonymous_9)
FN:111,(anonymous_10)
FN:111,(anonymous_11)
FN:113,(anonymous_12)
FN:113,(anonymous_13)
FN:113,(anonymous_14)
FN:115,(anonymous_15)
FN:162,(anonymous_16)
FN:197,(anonymous_17)
FN:215,(anonymous_18)
FN:288,(anonymous_19)
FN:292,(anonymous_20)
FN:302,(anonymous_21)
FN:309,(anonymous_22)
FN:316,(anonymous_23)
FN:321,(anonymous_24)
FN:347,AdminCameras
FN:357,(anonymous_26)
FN:369,(anonymous_27)
FN:373,(anonymous_28)
FN:380,(anonymous_29)
FN:385,(anonymous_30)
FN:390,(anonymous_31)
FN:406,(anonymous_32)
FN:431,(anonymous_33)
FN:449,(anonymous_34)
FN:484,(anonymous_35)
FN:492,(anonymous_36)
FN:498,(anonymous_37)
FN:513,(anonymous_38)
FN:518,(anonymous_39)
FNF:40
FNH:0
FNDA:0,(anonymous_0)
FNDA:0,(anonymous_1)
FNDA:0,CameraModal
FNDA:0,(anonymous_3)
FNDA:0,(anonymous_4)
FNDA:0,(anonymous_5)
FNDA:0,(anonymous_6)
FNDA:0,(anonymous_7)
FNDA:0,(anonymous_8)
FNDA:0,(anonymous_9)
FNDA:0,(anonymous_10)
FNDA:0,(anonymous_11)
FNDA:0,(anonymous_12)
FNDA:0,(anonymous_13)
FNDA:0,(anonymous_14)
FNDA:0,(anonymous_15)
FNDA:0,(anonymous_16)
FNDA:0,(anonymous_17)
FNDA:0,(anonymous_18)
FNDA:0,(anonymous_19)
FNDA:0,(anonymous_20)
FNDA:0,(anonymous_21)
FNDA:0,(anonymous_22)
FNDA:0,(anonymous_23)
FNDA:0,(anonymous_24)
FNDA:0,AdminCameras
FNDA:0,(anonymous_26)
FNDA:0,(anonymous_27)
FNDA:0,(anonymous_28)
FNDA:0,(anonymous_29)
FNDA:0,(anonymous_30)
FNDA:0,(anonymous_31)
FNDA:0,(anonymous_32)
FNDA:0,(anonymous_33)
FNDA:0,(anonymous_34)
FNDA:0,(anonymous_35)
FNDA:0,(anonymous_36)
FNDA:0,(anonymous_37)
FNDA:0,(anonymous_38)
FNDA:0,(anonymous_39)
DA:20,0
DA:22,0
DA:23,0
DA:29,0
DA:53,0
DA:54,0
DA:84,0
DA:85,0
DA:86,0
DA:87,0
DA:88,0
DA:90,0
DA:92,0
DA:93,0
DA:94,0
DA:95,0
DA:96,0
DA:97,0
DA:101,0
DA:102,0
DA:107,0
DA:108,0
DA:110,0
DA:111,0
DA:113,0
DA:115,0
DA:116,0
DA:117,0
DA:118,0
DA:119,0
DA:121,0
DA:122,0
DA:123,0
DA:124,0
DA:125,0
DA:156,0
DA:158,0
DA:162,0
DA:164,0
DA:167,0
DA:169,0
DA:173,0
DA:197,0
DA:216,0
DA:289,0
DA:292,0
DA:302,0
DA:309,0
DA:316,0
DA:321,0
DA:348,0
DA:349,0
DA:350,0
DA:351,0
DA:352,0
DA:353,0
DA:354,0
DA:355,0
DA:357,0
DA:358,0
DA:359,0
DA:360,0
DA:361,0
DA:363,0
DA:365,0
DA:369,0
DA:370,0
DA:373,0
DA:374,0
DA:375,0
DA:376,0
DA:377,0
DA:380,0
DA:381,0
DA:382,0
DA:385,0
DA:386,0
DA:387,0
DA:390,0
DA:391,0
DA:392,0
DA:393,0
DA:394,0
DA:398,0
DA:400,0
DA:402,0
DA:406,0
DA:407,0
DA:408,0
DA:409,0
DA:410,0
DA:411,0
DA:412,0
DA:413,0
DA:415,0
DA:417,0
DA:421,0
DA:431,0
DA:450,0
DA:484,0
DA:492,0
DA:498,0
DA:513,0
DA:518,0
LF:104
LH:0
BRDA:27,0,0,0
BRDA:27,0,1,0
BRDA:54,1,0,0
BRDA:54,1,1,0
BRDA:56,2,0,0
BRDA:56,2,1,0
BRDA:57,3,0,0
BRDA:57,3,1,0
BRDA:58,4,0,0
BRDA:58,4,1,0
BRDA:59,5,0,0
BRDA:59,5,1,0
BRDA:60,6,0,0
BRDA:60,6,1,0
BRDA:61,7,0,0
BRDA:61,7,1,0
BRDA:62,8,0,0
BRDA:62,8,1,0
BRDA:63,9,0,0
BRDA:63,9,1,0
BRDA:64,10,0,0
BRDA:64,10,1,0
BRDA:65,11,0,0
BRDA:65,11,1,0
BRDA:66,12,0,0
BRDA:66,12,1,0
BRDA:67,13,0,0
BRDA:67,13,1,0
BRDA:68,14,0,0
BRDA:68,14,1,0
BRDA:69,15,0,0
BRDA:69,15,1,0
BRDA:70,16,0,0
BRDA:70,16,1,0
BRDA:71,17,0,0
BRDA:71,17,1,0
BRDA:72,18,0,0
BRDA:72,18,1,0
BRDA:73,19,0,0
BRDA:73,19,1,0
BRDA:74,20,0,0
BRDA:74,20,1,0
BRDA:75,21,0,0
BRDA:75,21,1,0
BRDA:76,22,0,0
BRDA:76,22,1,0
BRDA:93,23,0,0
BRDA:93,23,1,0
BRDA:104,24,0,0
BRDA:104,24,1,0
BRDA:111,25,0,0
BRDA:111,25,1,0
BRDA:117,26,0,0
BRDA:117,26,1,0
BRDA:117,27,0,0
BRDA:117,27,1,0
BRDA:124,28,0,0
BRDA:124,28,1,0
BRDA:132,29,0,0
BRDA:132,29,1,0
BRDA:135,30,0,0
BRDA:135,30,1,0
BRDA:141,31,0,0
BRDA:141,31,1,0
BRDA:142,32,0,0
BRDA:142,32,1,0
BRDA:143,33,0,0
BRDA:143,33,1,0
BRDA:147,34,0,0
BRDA:147,34,1,0
BRDA:150,35,0,0
BRDA:150,35,1,0
BRDA:154,36,0,0
BRDA:154,36,1,0
BRDA:161,37,0,0
BRDA:161,37,1,0
BRDA:167,38,0,0
BRDA:167,38,1,0
BRDA:174,39,0,0
BRDA:174,39,1,0
BRDA:191,40,0,0
BRDA:191,40,1,0
BRDA:197,41,0,0
BRDA:197,41,1,0
BRDA:278,42,0,0
BRDA:278,42,1,0
BRDA:321,43,0,0
BRDA:321,43,1,0
BRDA:329,44,0,0
BRDA:329,44,1,0
BRDA:336,45,0,0
BRDA:336,45,1,0
BRDA:336,46,0,0
BRDA:336,46,1,0
BRDA:361,47,0,0
BRDA:361,47,1,0
BRDA:363,48,0,0
BRDA:363,48,1,0
BRDA:396,49,0,0
BRDA:396,49,1,0
BRDA:400,50,0,0
BRDA:400,50,1,0
BRDA:407,51,0,0
BRDA:407,51,1,0
BRDA:415,52,0,0
BRDA:415,52,1,0
BRDA:431,53,0,0
BRDA:431,53,1,0
BRDA:433,54,0,0
BRDA:433,54,1,0
BRDA:435,55,0,0
BRDA:435,55,1,0
BRDA:452,56,0,0
BRDA:452,56,1,0
BRDA:471,57,0,0
BRDA:471,57,1,0
BRDA:476,58,0,0
BRDA:476,58,1,0
BRDA:489,59,0,0
BRDA:489,59,1,0
BRF:120
BRH:0
end_of_record
TN:
SF:src\pages\admin\AdminDashboard.jsx
FN:23,(anonymous_0)
FN:30,(anonymous_1)
FN:38,(anonymous_2)
FN:46,(anonymous_3)
FN:66,StatCard
FN:86,StackedBarChart
FN:88,(anonymous_6)
FN:88,(anonymous_7)
FN:99,(anonymous_8)
FN:110,(anonymous_9)
FN:116,(anonymous_10)
FN:128,(anonymous_11)
FN:129,(anonymous_12)
FN:153,(anonymous_13)
FN:176,ChartLegend
FN:179,(anonymous_15)
FN:192,AdminDashboard
FN:204,(anonymous_17)
FN:219,(anonymous_18)
FN:221,(anonymous_19)
FN:225,(anonymous_20)
FN:226,(anonymous_21)
FN:229,(anonymous_22)
FN:232,(anonymous_23)
FN:238,(anonymous_24)
FN:240,(anonymous_25)
FN:255,(anonymous_26)
FN:277,(anonymous_27)
FN:302,(anonymous_28)
FN:335,(anonymous_29)
FN:338,(anonymous_30)
FN:376,(anonymous_31)
FN:395,(anonymous_32)
FN:451,(anonymous_33)
FN:454,(anonymous_34)
FN:473,(anonymous_35)
FNF:36
FNH:0
FNDA:0,(anonymous_0)
FNDA:0,(anonymous_1)
FNDA:0,(anonymous_2)
FNDA:0,(anonymous_3)
FNDA:0,StatCard
FNDA:0,StackedBarChart
FNDA:0,(anonymous_6)
FNDA:0,(anonymous_7)
FNDA:0,(anonymous_8)
FNDA:0,(anonymous_9)
FNDA:0,(anonymous_10)
FNDA:0,(anonymous_11)
FNDA:0,(anonymous_12)
FNDA:0,(anonymous_13)
FNDA:0,ChartLegend
FNDA:0,(anonymous_15)
FNDA:0,AdminDashboard
FNDA:0,(anonymous_17)
FNDA:0,(anonymous_18)
FNDA:0,(anonymous_19)
FNDA:0,(anonymous_20)
FNDA:0,(anonymous_21)
FNDA:0,(anonymous_22)
FNDA:0,(anonymous_23)
FNDA:0,(anonymous_24)
FNDA:0,(anonymous_25)
FNDA:0,(anonymous_26)
FNDA:0,(anonymous_27)
FNDA:0,(anonymous_28)
FNDA:0,(anonymous_29)
FNDA:0,(anonymous_30)
FNDA:0,(anonymous_31)
FNDA:0,(anonymous_32)
FNDA:0,(anonymous_33)
FNDA:0,(anonymous_34)
FNDA:0,(anonymous_35)
DA:23,0
DA:24,0
DA:30,0
DA:31,0
DA:32,0
DA:33,0
DA:35,0
DA:38,0
DA:39,0
DA:40,0
DA:41,0
DA:43,0
DA:46,0
DA:47,0
DA:48,0
DA:49,0
DA:50,0
DA:51,0
DA:52,0
DA:53,0
DA:56,0
DA:67,0
DA:87,0
DA:88,0
DA:89,0
DA:90,0
DA:91,0
DA:92,0
DA:93,0
DA:94,0
DA:96,0
DA:100,0
DA:111,0
DA:112,0
DA:113,0
DA:114,0
DA:117,0
DA:118,0
DA:119,0
DA:120,0
DA:128,0
DA:129,0
DA:154,0
DA:177,0
DA:180,0
DA:193,0
DA:194,0
DA:195,0
DA:196,0
DA:197,0
DA:198,0
DA:199,0
DA:200,0
DA:201,0
DA:202,0
DA:204,0
DA:205,0
DA:212,0
DA:213,0
DA:214,0
DA:215,0
DA:216,0
DA:219,0
DA:220,0
DA:221,0
DA:225,0
DA:226,0
DA:227,0
DA:228,0
DA:229,0
DA:232,0
DA:233,0
DA:234,0
DA:237,0
DA:238,0
DA:240,0
DA:241,0
DA:242,0
DA:243,0
DA:247,0
DA:248,0
DA:256,0
DA:265,0
DA:269,0
DA:275,0
DA:277,0
DA:279,0
DA:302,0
DA:336,0
DA:338,0
DA:376,0
DA:396,0
DA:452,0
DA:454,0
DA:474,0
LF:95
LH:0
BRDA:28,0,0,0
BRDA:28,0,1,0
BRDA:31,1,0,0
BRDA:31,1,1,0
BRDA:39,2,0,0
BRDA:39,2,1,0
BRDA:49,3,0,0
BRDA:49,3,1,0
BRDA:50,4,0,0
BRDA:50,4,1,0
BRDA:52,5,0,0
BRDA:52,5,1,0
BRDA:76,6,0,0
BRDA:76,6,1,0
BRDA:88,7,0,0
BRDA:88,7,1,0
BRDA:93,8,0,0
BRDA:93,8,1,0
BRDA:94,9,0,0
BRDA:94,9,1,0
BRDA:117,10,0,0
BRDA:117,10,1,0
BRDA:118,11,0,0
BRDA:118,11,1,0
BRDA:127,12,0,0
BRDA:127,12,1,0
BRDA:133,13,0,0
BRDA:133,13,1,0
BRDA:133,13,2,0
BRDA:150,14,0,0
BRDA:150,14,1,0
BRDA:159,15,0,0
BRDA:159,15,1,0
BRDA:162,16,0,0
BRDA:162,16,1,0
BRDA:166,17,0,0
BRDA:166,17,1,0
BRDA:204,18,0,0
BRDA:247,19,0,0
BRDA:247,19,1,0
BRDA:247,20,0,0
BRDA:247,20,1,0
BRDA:275,21,0,0
BRDA:275,21,1,0
BRDA:288,22,0,0
BRDA:288,22,1,0
BRDA:296,23,0,0
BRDA:296,23,1,0
BRDA:341,24,0,0
BRDA:341,24,1,0
BRDA:389,25,0,0
BRDA:389,25,1,0
BRDA:397,26,0,0
BRDA:397,26,1,0
BRDA:412,27,0,0
BRDA:412,27,1,0
BRDA:418,28,0,0
BRDA:418,28,1,0
BRDA:426,29,0,0
BRDA:426,29,1,0
BRDA:428,30,0,0
BRDA:428,30,1,0
BRDA:433,31,0,0
BRDA:433,31,1,0
BRDA:433,32,0,0
BRDA:433,32,1,0
BRDA:435,33,0,0
BRDA:435,33,1,0
BRDA:457,34,0,0
BRDA:457,34,1,0
BRDA:468,35,0,0
BRDA:468,35,1,0
BRDA:470,36,0,0
BRDA:470,36,1,0
BRDA:480,37,0,0
BRDA:480,37,1,0
BRF:76
BRH:0
end_of_record
TN:
SF:src\pages\admin\AdminLayout.jsx
FN:21,AdminLayout
FN:26,(anonymous_1)
FN:31,(anonymous_2)
FNF:3
FNH:0
FNDA:0,AdminLayout
FNDA:0,(anonymous_1)
FNDA:0,(anonymous_2)
DA:12,0
DA:22,0
DA:27,0
DA:32,0
LF:4
LH:0
BRDA:34,0,0,0
BRDA:34,0,1,0
BRF:2
BRH:0
end_of_record
TN:
SF:src\pages\admin\AdminPackages.jsx
FN:17,(anonymous_0)
FN:45,(anonymous_1)
FN:69,(anonymous_2)
FN:81,(anonymous_3)
FN:85,(anonymous_4)
FN:105,PackageModal
FN:110,(anonymous_6)
FN:117,(anonymous_7)
FN:117,(anonymous_8)
FN:118,(anonymous_9)
FN:123,(anonymous_10)
FN:155,(anonymous_11)
FN:163,(anonymous_12)
FN:238,(anonymous_13)
FN:296,AdminPackages
FN:306,(anonymous_15)
FN:320,(anonymous_16)
FN:324,(anonymous_17)
FN:331,(anonymous_18)
FN:336,(anonymous_19)
FN:341,(anonymous_20)
FN:366,(anonymous_21)
FN:369,(anonymous_22)
FN:372,(anonymous_23)
FN:402,(anonymous_24)
FN:419,(anonymous_25)
FN:425,(anonymous_26)
FN:440,(anonymous_27)
FN:445,(anonymous_28)
FNF:29
FNH:0
FNDA:0,(anonymous_0)
FNDA:0,(anonymous_1)
FNDA:0,(anonymous_2)
FNDA:0,(anonymous_3)
FNDA:0,(anonymous_4)
FNDA:0,PackageModal
FNDA:0,(anonymous_6)
FNDA:0,(anonymous_7)
FNDA:0,(anonymous_8)
FNDA:0,(anonymous_9)
FNDA:0,(anonymous_10)
FNDA:0,(anonymous_11)
FNDA:0,(anonymous_12)
FNDA:0,(anonymous_13)
FNDA:0,AdminPackages
FNDA:0,(anonymous_15)
FNDA:0,(anonymous_16)
FNDA:0,(anonymous_17)
FNDA:0,(anonymous_18)
FNDA:0,(anonymous_19)
FNDA:0,(anonymous_20)
FNDA:0,(anonymous_21)
FNDA:0,(anonymous_22)
FNDA:0,(anonymous_23)
FNDA:0,(anonymous_24)
FNDA:0,(anonymous_25)
FNDA:0,(anonymous_26)
FNDA:0,(anonymous_27)
FNDA:0,(anonymous_28)
DA:13,0
DA:14,0
DA:15,0
DA:17,0
DA:18,0
DA:24,0
DA:45,0
DA:46,0
DA:69,0
DA:81,0
DA:85,0
DA:106,0
DA:107,0
DA:108,0
DA:110,0
DA:111,0
DA:112,0
DA:113,0
DA:117,0
DA:118,0
DA:123,0
DA:124,0
DA:125,0
DA:126,0
DA:127,0
DA:128,0
DA:129,0
DA:130,0
DA:131,0
DA:133,0
DA:134,0
DA:137,0
DA:139,0
DA:143,0
DA:156,0
DA:164,0
DA:239,0
DA:297,0
DA:298,0
DA:299,0
DA:300,0
DA:301,0
DA:302,0
DA:303,0
DA:304,0
DA:306,0
DA:307,0
DA:308,0
DA:309,0
DA:310,0
DA:311,0
DA:312,0
DA:314,0
DA:316,0
DA:320,0
DA:321,0
DA:324,0
DA:325,0
DA:326,0
DA:327,0
DA:328,0
DA:331,0
DA:332,0
DA:333,0
DA:336,0
DA:337,0
DA:338,0
DA:341,0
DA:342,0
DA:343,0
DA:344,0
DA:345,0
DA:346,0
DA:347,0
DA:348,0
DA:350,0
DA:352,0
DA:356,0
DA:366,0
DA:370,0
DA:372,0
DA:403,0
DA:419,0
DA:425,0
DA:440,0
DA:445,0
LF:86
LH:0
BRDA:22,0,0,0
BRDA:22,0,1,0
BRDA:46,1,0,0
BRDA:46,1,1,0
BRDA:48,2,0,0
BRDA:48,2,1,0
BRDA:49,3,0,0
BRDA:49,3,1,0
BRDA:50,4,0,0
BRDA:50,4,1,0
BRDA:51,5,0,0
BRDA:51,5,1,0
BRDA:52,6,0,0
BRDA:52,6,1,0
BRDA:53,7,0,0
BRDA:53,7,1,0
BRDA:54,8,0,0
BRDA:54,8,1,0
BRDA:55,9,0,0
BRDA:55,9,1,0
BRDA:56,10,0,0
BRDA:56,10,1,0
BRDA:57,11,0,0
BRDA:57,11,1,0
BRDA:58,12,0,0
BRDA:58,12,1,0
BRDA:59,13,0,0
BRDA:59,13,1,0
BRDA:60,14,0,0
BRDA:60,14,1,0
BRDA:61,15,0,0
BRDA:61,15,1,0
BRDA:62,16,0,0
BRDA:62,16,1,0
BRDA:63,17,0,0
BRDA:63,17,1,0
BRDA:65,18,0,0
BRDA:65,18,1,0
BRDA:75,19,0,0
BRDA:75,19,1,0
BRDA:88,20,0,0
BRDA:88,20,1,0
BRDA:92,21,0,0
BRDA:92,21,1,0
BRDA:93,22,0,0
BRDA:93,22,1,0
BRDA:96,23,0,0
BRDA:96,23,1,0
BRDA:99,24,0,0
BRDA:99,24,1,0
BRDA:111,25,0,0
BRDA:111,25,1,0
BRDA:120,26,0,0
BRDA:120,26,1,0
BRDA:129,27,0,0
BRDA:129,27,1,0
BRDA:137,28,0,0
BRDA:137,28,1,0
BRDA:144,29,0,0
BRDA:144,29,1,0
BRDA:278,30,0,0
BRDA:278,30,1,0
BRDA:285,31,0,0
BRDA:285,31,1,0
BRDA:285,32,0,0
BRDA:285,32,1,0
BRDA:310,33,0,0
BRDA:310,33,1,0
BRDA:312,34,0,0
BRDA:312,34,1,0
BRDA:314,35,0,0
BRDA:314,35,1,0
BRDA:342,36,0,0
BRDA:342,36,1,0
BRDA:350,37,0,0
BRDA:350,37,1,0
BRDA:366,38,0,0
BRDA:366,38,1,0
BRDA:375,39,0,0
BRDA:375,39,1,0
BRDA:385,40,0,0
BRDA:385,40,1,0
BRDA:387,41,0,0
BRDA:387,41,1,0
BRDA:390,42,0,0
BRDA:390,42,1,0
BRDA:407,43,0,0
BRDA:407,43,1,0
BRF:88
BRH:0
end_of_record
TN:
SF:src\pages\admin\AdminPhotos.jsx
FN:28,UploadModal
FN:42,(anonymous_1)
FN:53,(anonymous_2)
FN:59,(anonymous_3)
FN:94,(anonymous_4)
FN:111,(anonymous_5)
FN:119,(anonymous_6)
FN:120,(anonymous_7)
FN:134,(anonymous_8)
FN:142,(anonymous_9)
FN:150,(anonymous_10)
FN:157,(anonymous_11)
FN:170,(anonymous_12)
FN:191,EditModal
FN:201,(anonymous_14)
FN:212,(anonymous_15)
FN:238,(anonymous_16)
FN:239,(anonymous_17)
FN:246,(anonymous_18)
FN:252,(anonymous_19)
FN:255,(anonymous_20)
FN:261,(anonymous_21)
FN:267,(anonymous_22)
FN:290,AdminPhotos
FN:301,(anonymous_24)
FN:315,(anonymous_25)
FN:320,(anonymous_26)
FN:321,(anonymous_27)
FN:328,(anonymous_28)
FN:335,(anonymous_29)
FN:359,(anonymous_30)
FN:365,(anonymous_31)
FN:368,(anonymous_32)
FN:371,(anonymous_33)
FN:388,(anonymous_34)
FN:394,(anonymous_35)
FN:415,(anonymous_36)
FN:429,(anonymous_37)
FN:449,(anonymous_38)
FN:455,(anonymous_39)
FN:468,(anonymous_40)
FN:469,(anonymous_41)
FN:472,(anonymous_42)
FNF:43
FNH:0
FNDA:0,UploadModal
FNDA:0,(anonymous_1)
FNDA:0,(anonymous_2)
FNDA:0,(anonymous_3)
FNDA:0,(anonymous_4)
FNDA:0,(anonymous_5)
FNDA:0,(anonymous_6)
FNDA:0,(anonymous_7)
FNDA:0,(anonymous_8)
FNDA:0,(anonymous_9)
FNDA:0,(anonymous_10)
FNDA:0,(anonymous_11)
FNDA:0,(anonymous_12)
FNDA:0,EditModal
FNDA:0,(anonymous_14)
FNDA:0,(anonymous_15)
FNDA:0,(anonymous_16)
FNDA:0,(anonymous_17)
FNDA:0,(anonymous_18)
FNDA:0,(anonymous_19)
FNDA:0,(anonymous_20)
FNDA:0,(anonymous_21)
FNDA:0,(anonymous_22)
FNDA:0,AdminPhotos
FNDA:0,(anonymous_24)
FNDA:0,(anonymous_25)
FNDA:0,(anonymous_26)
FNDA:0,(anonymous_27)
FNDA:0,(anonymous_28)
FNDA:0,(anonymous_29)
FNDA:0,(anonymous_30)
FNDA:0,(anonymous_31)
FNDA:0,(anonymous_32)
FNDA:0,(anonymous_33)
FNDA:0,(anonymous_34)
FNDA:0,(anonymous_35)
FNDA:0,(anonymous_36)
FNDA:0,(anonymous_37)
FNDA:0,(anonymous_38)
FNDA:0,(anonymous_39)
FNDA:0,(anonymous_40)
FNDA:0,(anonymous_41)
FNDA:0,(anonymous_42)
DA:22,0
DA:29,0
DA:30,0
DA:31,0
DA:32,0
DA:33,0
DA:34,0
DA:35,0
DA:36,0
DA:37,0
DA:38,0
DA:40,0
DA:42,0
DA:43,0
DA:44,0
DA:45,0
DA:46,0
DA:47,0
DA:48,0
DA:49,0
DA:50,0
DA:53,0
DA:54,0
DA:55,0
DA:56,0
DA:59,0
DA:60,0
DA:61,0
DA:62,0
DA:63,0
DA:65,0
DA:66,0
DA:67,0
DA:68,0
DA:69,0
DA:71,0
DA:81,0
DA:82,0
DA:84,0
DA:86,0
DA:90,0
DA:94,0
DA:111,0
DA:119,0
DA:121,0
DA:134,0
DA:142,0
DA:150,0
DA:157,0
DA:170,0
DA:192,0
DA:193,0
DA:194,0
DA:195,0
DA:196,0
DA:197,0
DA:198,0
DA:199,0
DA:201,0
DA:202,0
DA:203,0
DA:204,0
DA:205,0
DA:206,0
DA:212,0
DA:217,0
DA:219,0
DA:221,0
DA:225,0
DA:238,0
DA:240,0
DA:246,0
DA:252,0
DA:255,0
DA:261,0
DA:267,0
DA:291,0
DA:292,0
DA:293,0
DA:294,0
DA:295,0
DA:296,0
DA:297,0
DA:298,0
DA:299,0
DA:301,0
DA:302,0
DA:303,0
DA:304,0
DA:305,0
DA:306,0
DA:307,0
DA:309,0
DA:311,0
DA:315,0
DA:316,0
DA:317,0
DA:320,0
DA:321,0
DA:322,0
DA:323,0
DA:324,0
DA:328,0
DA:329,0
DA:330,0
DA:331,0
DA:332,0
DA:335,0
DA:336,0
DA:337,0
DA:338,0
DA:339,0
DA:340,0
DA:342,0
DA:344,0
DA:345,0
DA:346,0
DA:347,0
DA:349,0
DA:351,0
DA:355,0
DA:359,0
DA:365,0
DA:369,0
DA:371,0
DA:388,0
DA:394,0
DA:416,0
DA:417,0
DA:429,0
DA:449,0
DA:455,0
DA:468,0
DA:469,0
DA:472,0
LF:135
LH:0
BRDA:54,0,0,0
BRDA:54,0,1,0
BRDA:61,1,0,0
BRDA:61,1,1,0
BRDA:68,2,0,0
BRDA:68,2,1,0
BRDA:82,3,0,0
BRDA:82,3,1,0
BRDA:84,4,0,0
BRDA:84,4,1,0
BRDA:98,5,0,0
BRDA:98,5,1,0
BRDA:103,6,0,0
BRDA:103,6,1,0
BRDA:111,7,0,0
BRDA:111,7,1,0
BRDA:128,8,0,0
BRDA:128,8,1,0
BRDA:166,9,0,0
BRDA:166,9,1,0
BRDA:173,10,0,0
BRDA:173,10,1,0
BRDA:180,11,0,0
BRDA:180,11,1,0
BRDA:192,12,0,0
BRDA:192,12,1,0
BRDA:193,13,0,0
BRDA:193,13,1,0
BRDA:194,14,0,0
BRDA:194,14,1,0
BRDA:195,15,0,0
BRDA:195,15,1,0
BRDA:197,16,0,0
BRDA:197,16,1,0
BRDA:215,17,0,0
BRDA:215,17,1,0
BRDA:219,18,0,0
BRDA:219,18,1,0
BRDA:227,19,0,0
BRDA:227,19,1,0
BRDA:231,20,0,0
BRDA:231,20,1,0
BRDA:272,21,0,0
BRDA:272,21,1,0
BRDA:278,22,0,0
BRDA:278,22,1,0
BRDA:305,23,0,0
BRDA:305,23,1,0
BRDA:307,24,0,0
BRDA:307,24,1,0
BRDA:309,25,0,0
BRDA:309,25,1,0
BRDA:323,26,0,0
BRDA:323,26,1,0
BRDA:336,27,0,0
BRDA:336,27,1,0
BRDA:339,28,0,0
BRDA:339,28,1,0
BRDA:349,29,0,0
BRDA:349,29,1,0
BRDA:365,30,0,0
BRDA:365,30,1,0
BRDA:374,31,0,0
BRDA:374,31,1,0
BRDA:384,32,0,0
BRDA:384,32,1,0
BRDA:400,33,0,0
BRDA:400,33,1,0
BRDA:407,34,0,0
BRDA:407,34,1,0
BRDA:410,35,0,0
BRDA:410,35,1,0
BRDA:424,36,0,0
BRDA:424,36,1,0
BRDA:432,37,0,0
BRDA:432,37,1,0
BRDA:439,38,0,0
BRDA:439,38,1,0
BRDA:445,39,0,0
BRDA:445,39,1,0
BRDA:475,40,0,0
BRDA:475,40,1,0
BRDA:477,41,0,0
BRDA:477,41,1,0
BRF:84
BRH:0
end_of_record
TN:
SF:src\pages\auth\ForgotPassword.jsx
FN:17,ForgotPassword
FN:25,(anonymous_1)
FN:31,(anonymous_2)
FN:67,(anonymous_3)
FN:97,(anonymous_4)
FNF:5
FNH:0
FNDA:0,ForgotPassword
FNDA:0,(anonymous_1)
FNDA:0,(anonymous_2)
FNDA:0,(anonymous_3)
FNDA:0,(anonymous_4)
DA:18,0
DA:20,0
DA:21,0
DA:22,0
DA:23,0
DA:25,0
DA:26,0
DA:27,0
DA:28,0
DA:31,0
DA:32,0
DA:33,0
DA:34,0
DA:35,0
DA:36,0
DA:37,0
DA:39,0
DA:43,0
DA:67,0
DA:97,0
LF:20
LH:0
BRDA:27,0,0,0
BRDA:27,0,1,0
BRDA:34,1,0,0
BRDA:34,1,1,0
BRDA:39,2,0,0
BRDA:39,2,1,0
BRDA:51,3,0,0
BRDA:51,3,1,0
BRDA:101,4,0,0
BRDA:101,4,1,0
BRDA:108,5,0,0
BRDA:108,5,1,0
BRF:12
BRH:0
end_of_record
TN:
SF:src\pages\auth\Login.jsx
FN:9,Login
FN:19,(anonymous_1)
FN:27,(anonymous_2)
FN:64,(anonymous_3)
FN:73,(anonymous_4)
FNF:5
FNH:0
FNDA:0,Login
FNDA:0,(anonymous_1)
FNDA:0,(anonymous_2)
FNDA:0,(anonymous_3)
FNDA:0,(anonymous_4)
DA:10,0
DA:11,0
DA:12,0
DA:13,0
DA:15,0
DA:16,0
DA:17,0
DA:19,0
DA:20,0
DA:21,0
DA:22,0
DA:23,0
DA:24,0
DA:27,0
DA:28,0
DA:29,0
DA:30,0
DA:31,0
DA:32,0
DA:33,0
DA:35,0
DA:39,0
DA:64,0
DA:73,0
LF:24
LH:0
BRDA:13,0,0,0
BRDA:13,0,1,0
BRDA:21,1,0,0
BRDA:21,1,1,0
BRDA:22,2,0,0
BRDA:22,2,1,0
BRDA:30,3,0,0
BRDA:30,3,1,0
BRDA:35,4,0,0
BRDA:35,4,1,0
BRDA:84,5,0,0
BRDA:84,5,1,0
BRDA:89,6,0,0
BRDA:89,6,1,0
BRF:14
BRH:0
end_of_record
TN:
SF:src\pages\auth\Register.jsx
FN:15,Register
FN:23,(anonymous_1)
FN:33,(anonymous_2)
FN:65,(anonymous_3)
FN:74,(anonymous_4)
FN:84,(anonymous_5)
FN:93,(anonymous_6)
FNF:7
FNH:0
FNDA:0,Register
FNDA:0,(anonymous_1)
FNDA:0,(anonymous_2)
FNDA:0,(anonymous_3)
FNDA:0,(anonymous_4)
FNDA:0,(anonymous_5)
FNDA:0,(anonymous_6)
DA:16,0
DA:17,0
DA:19,0
DA:20,0
DA:21,0
DA:23,0
DA:24,0
DA:25,0
DA:26,0
DA:27,0
DA:28,0
DA:29,0
DA:30,0
DA:33,0
DA:34,0
DA:35,0
DA:36,0
DA:37,0
DA:38,0
DA:39,0
DA:41,0
DA:45,0
DA:65,0
DA:74,0
DA:84,0
DA:93,0
LF:26
LH:0
BRDA:25,0,0,0
BRDA:25,0,1,0
BRDA:26,1,0,0
BRDA:26,1,1,0
BRDA:27,2,0,0
BRDA:27,2,1,0
BRDA:28,3,0,0
BRDA:28,3,1,0
BRDA:36,4,0,0
BRDA:36,4,1,0
BRDA:41,5,0,0
BRDA:41,5,1,0
BRDA:97,6,0,0
BRDA:97,6,1,0
BRDA:102,7,0,0
BRDA:102,7,1,0
BRF:16
BRH:0
end_of_record
TN:
SF:src\pages\auth\ResetPassword.jsx
FN:18,ResetPassword
FN:27,(anonymous_1)
FN:40,(anonymous_2)
FN:77,(anonymous_3)
FN:86,(anonymous_4)
FNF:5
FNH:0
FNDA:0,ResetPassword
FNDA:0,(anonymous_1)
FNDA:0,(anonymous_2)
FNDA:0,(anonymous_3)
FNDA:0,(anonymous_4)
DA:11,0
DA:19,0
DA:20,0
DA:21,0
DA:23,0
DA:24,0
DA:25,0
DA:27,0
DA:28,0
DA:29,0
DA:30,0
DA:33,0
DA:34,0
DA:36,0
DA:37,0
DA:40,0
DA:41,0
DA:42,0
DA:43,0
DA:44,0
DA:45,0
DA:46,0
DA:48,0
DA:54,0
DA:77,0
DA:86,0
LF:26
LH:0
BRDA:29,0,0,0
BRDA:29,0,1,0
BRDA:29,1,0,0
BRDA:29,1,1,0
BRDA:33,2,0,0
BRDA:33,2,1,0
BRDA:43,3,0,0
BRDA:43,3,1,0
BRDA:49,4,0,0
BRDA:49,4,1,0
BRDA:90,5,0,0
BRDA:90,5,1,0
BRDA:100,6,0,0
BRDA:100,6,1,0
BRF:14
BRH:0
end_of_record
TN:
SF:src\pages\auth\VerifyEmail.jsx
FN:13,VerifyEmail
FN:21,(anonymous_1)
FN:28,(anonymous_2)
FN:29,(anonymous_3)
FNF:4
FNH:0
FNDA:0,VerifyEmail
FNDA:0,(anonymous_1)
FNDA:0,(anonymous_2)
FNDA:0,(anonymous_3)
DA:14,0
DA:15,0
DA:17,0
DA:18,0
DA:19,0
DA:21,0
DA:24,0
DA:25,0
DA:27,0
DA:28,0
DA:30,0
DA:31,0
DA:38,0
LF:13
LH:0
BRDA:24,0,0,0
BRDA:24,0,1,0
BRDA:32,1,0,0
BRDA:32,1,1,0
BRDA:46,2,0,0
BRDA:46,2,1,0
BRDA:58,3,0,0
BRDA:58,3,1,0
BRDA:73,4,0,0
BRDA:73,4,1,0
BRF:10
BRH:0
end_of_record
TN:
SF:src\services\adminService.js
FN:18,(anonymous_0)
FN:19,(anonymous_1)
FN:21,(anonymous_2)
FN:23,(anonymous_3)
FN:24,(anonymous_4)
FN:28,(anonymous_5)
FN:32,(anonymous_6)
FN:37,(anonymous_7)
FN:42,(anonymous_8)
FNF:9
FNH:0
FNDA:0,(anonymous_0)
FNDA:0,(anonymous_1)
FNDA:0,(anonymous_2)
FNDA:0,(anonymous_3)
FNDA:0,(anonymous_4)
FNDA:0,(anonymous_5)
FNDA:0,(anonymous_6)
FNDA:0,(anonymous_7)
FNDA:0,(anonymous_8)
DA:17,0
DA:18,0
DA:20,0
DA:22,0
DA:23,0
DA:25,0
DA:28,0
DA:33,0
DA:38,0
DA:42,0
LF:10
LH:0
BRDA:19,0,0,0
BRDA:21,1,0,0
BRDA:24,2,0,0
BRDA:28,3,0,0
BRDA:32,4,0,0
BRDA:37,5,0,0
BRF:6
BRH:0
end_of_record
TN:
SF:src\services\authService.js
FN:19,(anonymous_0)
FN:25,(anonymous_1)
FN:31,(anonymous_2)
FN:39,(anonymous_3)
FN:44,(anonymous_4)
FN:54,(anonymous_5)
FN:58,(anonymous_6)
FN:68,(anonymous_7)
FN:82,(anonymous_8)
FN:92,persistSession
FN:97,clearSession
FNF:11
FNH:0
FNDA:0,(anonymous_0)
FNDA:0,(anonymous_1)
FNDA:0,(anonymous_2)
FNDA:0,(anonymous_3)
FNDA:0,(anonymous_4)
FNDA:0,(anonymous_5)
FNDA:0,(anonymous_6)
FNDA:0,(anonymous_7)
FNDA:0,(anonymous_8)
FNDA:0,persistSession
FNDA:0,clearSession
DA:18,0
DA:20,0
DA:21,0
DA:22,0
DA:26,0
DA:27,0
DA:28,0
DA:32,0
DA:33,0
DA:35,0
DA:40,0
DA:45,0
DA:50,0
DA:51,0
DA:55,0
DA:59,0
DA:63,0
DA:64,0
DA:69,0
DA:72,0
DA:73,0
DA:74,0
DA:75,0
DA:78,0
DA:83,0
DA:93,0
DA:94,0
DA:98,0
DA:99,0
LF:29
LH:0
BRDA:72,0,0,0
BRDA:72,0,1,0
BRDA:72,1,0,0
BRDA:72,1,1,0
BRDA:73,2,0,0
BRDA:73,2,1,0
BRDA:74,3,0,0
BRDA:74,3,1,0
BRDA:93,4,0,0
BRDA:93,4,1,0
BRDA:94,5,0,0
BRDA:94,5,1,0
BRF:12
BRH:0
end_of_record
TN:
SF:src\services\availabilityService.js
FN:26,(anonymous_0)
FN:28,(anonymous_1)
FN:30,(anonymous_2)
FN:34,(anonymous_3)
FN:35,(anonymous_4)
FN:37,(anonymous_5)
FNF:6
FNH:0
FNDA:0,(anonymous_0)
FNDA:0,(anonymous_1)
FNDA:0,(anonymous_2)
FNDA:0,(anonymous_3)
FNDA:0,(anonymous_4)
FNDA:0,(anonymous_5)
DA:25,0
DA:27,0
DA:29,0
DA:31,0
DA:34,0
DA:36,0
DA:38,0
LF:7
LH:0
BRDA:35,0,0,0
BRDA:37,1,0,0
BRF:2
BRH:0
end_of_record
TN:
SF:src\services\bookingService.js
FN:16,(anonymous_0)
FN:17,(anonymous_1)
FN:18,(anonymous_2)
FN:19,(anonymous_3)
FN:21,(anonymous_4)
FN:22,(anonymous_5)
FNF:6
FNH:6
FNDA:1,(anonymous_0)
FNDA:1,(anonymous_1)
FNDA:1,(anonymous_2)
FNDA:1,(anonymous_3)
FNDA:2,(anonymous_4)
FNDA:1,(anonymous_5)
DA:15,1
DA:16,1
DA:17,1
DA:18,1
DA:20,1
DA:21,2
DA:22,1
LF:7
LH:7
BRDA:17,0,0,1
BRDA:21,1,0,2
BRF:2
BRH:2
end_of_record
TN:
SF:src\services\cameraService.js
FN:19,(anonymous_0)
FN:20,(anonymous_1)
FN:21,(anonymous_2)
FN:23,(anonymous_3)
FN:40,(anonymous_4)
FN:43,(anonymous_5)
FN:49,(anonymous_6)
FN:57,(anonymous_7)
FN:63,(anonymous_8)
FN:65,(anonymous_9)
FN:68,(anonymous_10)
FNF:11
FNH:7
FNDA:0,(anonymous_0)
FNDA:0,(anonymous_1)
FNDA:1,(anonymous_2)
FNDA:1,(anonymous_3)
FNDA:1,(anonymous_4)
FNDA:2,(anonymous_5)
FNDA:1,(anonymous_6)
FNDA:0,(anonymous_7)
FNDA:0,(anonymous_8)
FNDA:2,(anonymous_9)
FNDA:1,(anonymous_10)
DA:18,1
DA:19,0
DA:20,0
DA:22,1
DA:23,1
DA:41,1
DA:42,1
DA:43,1
DA:44,2
DA:46,1
DA:47,1
DA:49,1
DA:56,1
DA:57,1
DA:58,1
DA:63,0
DA:66,2
DA:68,1
LF:18
LH:15
BRDA:19,0,0,0
BRDA:44,1,0,2
BRDA:44,1,1,0
BRDA:44,2,0,2
BRDA:44,2,1,2
BRDA:46,3,0,1
BRDA:46,3,1,0
BRDA:56,4,0,1
BRDA:56,4,1,0
BRDA:57,5,0,1
BRDA:57,5,1,0
BRDA:57,6,0,0
BRDA:57,6,1,0
BRDA:66,7,0,1
BRDA:66,7,1,1
BRF:15
BRH:8
end_of_record
TN:
SF:src\services\chatService.js
FN:28,streamChatMessage
FN:64,(anonymous_1)
FN:88,getChatHealth
FNF:3
FNH:0
FNDA:0,streamChatMessage
FNDA:0,(anonymous_1)
FNDA:0,getChatHealth
DA:17,0
DA:29,0
DA:36,0
DA:37,0
DA:38,0
DA:39,0
DA:40,0
DA:44,0
DA:47,0
DA:48,0
DA:49,0
DA:50,0
DA:52,0
DA:53,0
DA:54,0
DA:56,0
DA:60,0
DA:61,0
DA:63,0
DA:64,0
DA:65,0
DA:68,0
DA:69,0
DA:71,0
DA:74,0
DA:75,0
DA:76,0
DA:77,0
DA:78,0
DA:79,0
DA:84,0
DA:89,0
DA:90,0
DA:91,0
LF:34
LH:0
BRDA:17,0,0,0
BRDA:17,0,1,0
BRDA:28,1,0,0
BRDA:36,2,0,0
BRDA:36,2,1,0
BRDA:36,3,0,0
BRDA:36,3,1,0
BRDA:40,4,0,0
BRDA:40,4,1,0
BRDA:54,5,0,0
BRDA:54,5,1,0
BRDA:61,6,0,0
BRDA:61,6,1,0
BRDA:65,7,0,0
BRDA:65,7,1,0
BRDA:74,8,0,0
BRDA:74,8,1,0
BRDA:76,9,0,0
BRDA:76,9,1,0
BRDA:77,10,0,0
BRDA:77,10,1,0
BRDA:78,11,0,0
BRDA:78,11,1,0
BRDA:79,12,0,0
BRDA:79,12,1,0
BRF:25
BRH:0
end_of_record
TN:
SF:src\services\notificationService.js
FN:14,(anonymous_0)
FN:15,(anonymous_1)
FN:16,(anonymous_2)
FN:17,(anonymous_3)
FNF:4
FNH:0
FNDA:0,(anonymous_0)
FNDA:0,(anonymous_1)
FNDA:0,(anonymous_2)
FNDA:0,(anonymous_3)
DA:13,0
DA:14,0
DA:15,0
DA:16,0
DA:17,0
LF:5
LH:0
BRDA:14,0,0,0
BRF:1
BRH:0
end_of_record
TN:
SF:src\services\packageService.js
FN:19,(anonymous_0)
FN:20,(anonymous_1)
FN:21,(anonymous_2)
FN:22,(anonymous_3)
FN:23,(anonymous_4)
FN:26,(anonymous_5)
FN:27,(anonymous_6)
FN:28,(anonymous_7)
FNF:8
FNH:5
FNDA:1,(anonymous_0)
FNDA:0,(anonymous_1)
FNDA:0,(anonymous_2)
FNDA:1,(anonymous_3)
FNDA:0,(anonymous_4)
FNDA:1,(anonymous_5)
FNDA:1,(anonymous_6)
FNDA:1,(anonymous_7)
DA:18,1
DA:19,1
DA:20,0
DA:21,0
DA:22,1
DA:23,0
DA:26,1
DA:27,1
DA:28,1
LF:9
LH:6
BRDA:19,0,0,1
BRF:1
BRH:1
end_of_record
TN:
SF:src\services\paymentService.js
FN:14,(anonymous_0)
FN:16,(anonymous_1)
FN:19,(anonymous_2)
FN:32,loadRazorpayCheckout
FN:36,(anonymous_4)
FN:40,(anonymous_5)
FN:41,(anonymous_6)
FNF:7
FNH:0
FNDA:0,(anonymous_0)
FNDA:0,(anonymous_1)
FNDA:0,(anonymous_2)
FNDA:0,loadRazorpayCheckout
FNDA:0,(anonymous_4)
FNDA:0,(anonymous_5)
FNDA:0,(anonymous_6)
DA:13,0
DA:14,0
DA:17,0
DA:19,0
DA:30,0
DA:33,0
DA:34,0
DA:36,0
DA:37,0
DA:38,0
DA:39,0
DA:40,0
DA:41,0
DA:42,0
DA:43,0
DA:45,0
DA:48,0
LF:17
LH:0
BRDA:33,0,0,0
BRDA:33,0,1,0
BRDA:34,1,0,0
BRDA:34,1,1,0
BRF:4
BRH:0
end_of_record
TN:
SF:src\services\photoService.js
FN:19,(anonymous_0)
FN:21,(anonymous_1)
FN:24,(anonymous_2)
FN:26,(anonymous_3)
FN:28,(anonymous_4)
FN:34,(anonymous_5)
FN:49,(anonymous_6)
FN:51,(anonymous_7)
FN:59,(anonymous_8)
FN:61,(anonymous_9)
FN:63,(anonymous_10)
FNF:11
FNH:0
FNDA:0,(anonymous_0)
FNDA:0,(anonymous_1)
FNDA:0,(anonymous_2)
FNDA:0,(anonymous_3)
FNDA:0,(anonymous_4)
FNDA:0,(anonymous_5)
FNDA:0,(anonymous_6)
FNDA:0,(anonymous_7)
FNDA:0,(anonymous_8)
FNDA:0,(anonymous_9)
FNDA:0,(anonymous_10)
DA:18,0
DA:19,0
DA:22,0
DA:24,0
DA:26,0
DA:29,0
DA:35,0
DA:36,0
DA:37,0
DA:38,0
DA:39,0
DA:40,0
DA:41,0
DA:42,0
DA:43,0
DA:50,0
DA:51,0
DA:52,0
DA:53,0
DA:54,0
DA:59,0
DA:61,0
DA:63,0
LF:23
LH:0
BRDA:19,0,0,0
BRDA:21,1,0,0
BRDA:28,2,0,0
BRDA:38,3,0,0
BRDA:38,3,1,0
BRDA:39,4,0,0
BRDA:39,4,1,0
BRDA:40,5,0,0
BRDA:40,5,1,0
BRDA:41,6,0,0
BRDA:41,6,1,0
BRDA:42,7,0,0
BRDA:42,7,1,0
BRDA:53,8,0,0
BRDA:53,8,1,0
BRF:15
BRH:0
end_of_record
TN:
SF:src\services\queryService.js
FN:15,(anonymous_0)
FN:16,(anonymous_1)
FN:17,(anonymous_2)
FN:18,(anonymous_3)
FN:19,(anonymous_4)
FNF:5
FNH:0
FNDA:0,(anonymous_0)
FNDA:0,(anonymous_1)
FNDA:0,(anonymous_2)
FNDA:0,(anonymous_3)
FNDA:0,(anonymous_4)
DA:14,0
DA:15,0
DA:16,0
DA:17,0
DA:18,0
DA:19,0
LF:6
LH:0
BRDA:16,0,0,0
BRF:1
BRH:0
end_of_record
TN:
SF:src\services\reviewService.js
FN:16,(anonymous_0)
FN:19,(anonymous_1)
FN:22,(anonymous_2)
FN:25,(anonymous_3)
FN:27,(anonymous_4)
FNF:5
FNH:0
FNDA:0,(anonymous_0)
FNDA:0,(anonymous_1)
FNDA:0,(anonymous_2)
FNDA:0,(anonymous_3)
FNDA:0,(anonymous_4)
DA:15,0
DA:17,0
DA:20,0
DA:23,0
DA:25,0
DA:27,0
LF:6
LH:0
BRDA:16,0,0,0
BRDA:19,1,0,0
BRF:2
BRH:0
end_of_record
TN:
SF:src\services\socketService.js
FN:40,(anonymous_0)
FN:46,(anonymous_1)
FN:49,(anonymous_2)
FN:52,(anonymous_3)
FNF:4
FNH:0
FNDA:0,(anonymous_0)
FNDA:0,(anonymous_1)
FNDA:0,(anonymous_2)
FNDA:0,(anonymous_3)
DA:30,0
DA:40,0
DA:45,0
DA:46,0
DA:47,0
DA:49,0
DA:50,0
DA:52,0
DA:53,0
LF:9
LH:0
BRDA:30,0,0,0
BRDA:30,0,1,0
BRDA:40,1,0,0
BRDA:40,1,1,0
BRDA:45,2,0,0
BRDA:45,2,1,0
BRF:6
BRH:0
end_of_record
